Using pre-set license
Built from '2022.3/staging' branch; Version is '2022.3.17f1 (4fc78088f837) revision 5228416'; Using compiler version '192829333'; Build Type 'Release'
OS: 'Windows 11  (10.0.22631) 64bit Professional' Language: 'de' Physical Memory: 32703 MB
BatchMode: 1, IsHumanControllingUs: 0, StartBugReporterOnCrash: 0, Is64bit: 1, IsPro: 1

COMMAND LINE ARGUMENTS:
C:\Program Files\Unity\Hub\Editor\2022.3.17f1\Editor\Unity.exe
-adb2
-batchMode
-noUpm
-name
AssetImportWorker7
-projectPath
C:/Users/Manqoolat/Desktop/Palace_Of_Escape_new/Palace_Of_Escape_new
-logFile
Logs/AssetImportWorker7.log
-srvPort
50155
Successfully changed project path to: C:/Users/Manqoolat/Desktop/Palace_Of_Escape_new/Palace_Of_Escape_new
C:/Users/Manqoolat/Desktop/Palace_Of_Escape_new/Palace_Of_Escape_new
[UnityMemory] Configuration Parameters - Can be set up in boot.config
    "memorysetup-bucket-allocator-granularity=16"
    "memorysetup-bucket-allocator-bucket-count=8"
    "memorysetup-bucket-allocator-block-size=33554432"
    "memorysetup-bucket-allocator-block-count=8"
    "memorysetup-main-allocator-block-size=16777216"
    "memorysetup-thread-allocator-block-size=16777216"
    "memorysetup-gfx-main-allocator-block-size=16777216"
    "memorysetup-gfx-thread-allocator-block-size=16777216"
    "memorysetup-cache-allocator-block-size=4194304"
    "memorysetup-typetree-allocator-block-size=2097152"
    "memorysetup-profiler-bucket-allocator-granularity=16"
    "memorysetup-profiler-bucket-allocator-bucket-count=8"
    "memorysetup-profiler-bucket-allocator-block-size=33554432"
    "memorysetup-profiler-bucket-allocator-block-count=8"
    "memorysetup-profiler-allocator-block-size=16777216"
    "memorysetup-profiler-editor-allocator-block-size=1048576"
    "memorysetup-temp-allocator-size-main=16777216"
    "memorysetup-job-temp-allocator-block-size=2097152"
    "memorysetup-job-temp-allocator-block-size-background=1048576"
    "memorysetup-job-temp-allocator-reduction-small-platforms=262144"
    "memorysetup-allocator-temp-initial-block-size-main=262144"
    "memorysetup-allocator-temp-initial-block-size-worker=262144"
    "memorysetup-temp-allocator-size-background-worker=32768"
    "memorysetup-temp-allocator-size-job-worker=262144"
    "memorysetup-temp-allocator-size-preload-manager=33554432"
    "memorysetup-temp-allocator-size-nav-mesh-worker=65536"
    "memorysetup-temp-allocator-size-audio-worker=65536"
    "memorysetup-temp-allocator-size-cloud-worker=32768"
    "memorysetup-temp-allocator-size-gi-baking-worker=262144"
    "memorysetup-temp-allocator-size-gfx=262144"
Player connection [11492] Host "[IP] 192.168.1.32 [Port] 0 [Flags] 2 [Guid] 654223304 [EditorId] 654223304 [Version] 1048832 [Id] WindowsEditor(7,DESKTOP-6BBG85C) [Debug] 1 [PackageName] WindowsEditor [ProjectName] Editor" joined multi-casting on [225.0.0.222:54997]...

Player connection [11492] Host "[IP] 192.168.1.32 [Port] 0 [Flags] 2 [Guid] 654223304 [EditorId] 654223304 [Version] 1048832 [Id] WindowsEditor(7,DESKTOP-6BBG85C) [Debug] 1 [PackageName] WindowsEditor [ProjectName] Editor" joined alternative multi-casting on [225.0.0.222:34997]...

[Physics::Module] Initialized MultithreadedJobDispatcher with 15 workers.
Refreshing native plugins compatible for Editor in 32.82 ms, found 12 plugins.
Preloading 1 native plugins for Editor in 0.54 ms.
Initialize engine version: 2022.3.17f1 (4fc78088f837)
[Subsystems] Discovering subsystems at path C:/Program Files/Unity/Hub/Editor/2022.3.17f1/Editor/Data/Resources/UnitySubsystems
[Subsystems] Discovering subsystems at path C:/Users/Manqoolat/Desktop/Palace_Of_Escape_new/Palace_Of_Escape_new/Assets
GfxDevice: creating device client; threaded=0; jobified=0
Direct3D:
    Version:  Direct3D 11.0 [level 11.1]
    Renderer: NVIDIA GeForce RTX 2080 SUPER (ID=0x1e81)
    Vendor:   NVIDIA
    VRAM:     8001 MB
    Driver:   31.0.15.3598
Initialize mono
Mono path[0] = 'C:/Program Files/Unity/Hub/Editor/2022.3.17f1/Editor/Data/Managed'
Mono path[1] = 'C:/Program Files/Unity/Hub/Editor/2022.3.17f1/Editor/Data/MonoBleedingEdge/lib/mono/unityjit-win32'
Mono config path = 'C:/Program Files/Unity/Hub/Editor/2022.3.17f1/Editor/Data/MonoBleedingEdge/etc'
Using monoOptions --debugger-agent=transport=dt_socket,embedding=1,server=y,suspend=n,address=127.0.0.1:56052
Begin MonoManager ReloadAssembly
Registering precompiled unity dll's ...
Register platform support module: C:/Program Files/Unity/Hub/Editor/2022.3.17f1/Editor/Data/PlaybackEngines/AndroidPlayer/UnityEditor.Android.Extensions.dll
Register platform support module: C:/Program Files/Unity/Hub/Editor/2022.3.17f1/Editor/Data/PlaybackEngines/WindowsStandaloneSupport/UnityEditor.WindowsStandalone.Extensions.dll
Registered in 0.013693 seconds.
- Loaded All Assemblies, in  0.516 seconds
Native extension for WindowsStandalone target not found
Native extension for Android target not found
Android Extension - Scanning For ADB Devices 362 ms
Mono: successfully reloaded assembly
- Finished resetting the current domain, in  0.858 seconds
Domain Reload Profiling: 1372ms
	BeginReloadAssembly (146ms)
		ExecutionOrderSort (0ms)
		DisableScriptedObjects (0ms)
		BackupInstance (0ms)
		ReleaseScriptingObjects (0ms)
		CreateAndSetChildDomain (1ms)
	RebuildCommonClasses (43ms)
	RebuildNativeTypeToScriptingClass (17ms)
	initialDomainReloadingComplete (83ms)
	LoadAllAssembliesAndSetupDomain (224ms)
		LoadAssemblies (143ms)
		RebuildTransferFunctionScriptingTraits (0ms)
		AnalyzeDomain (220ms)
			TypeCache.Refresh (218ms)
				TypeCache.ScanAssembly (195ms)
			ScanForSourceGeneratedMonoScriptInfo (1ms)
			ResolveRequiredComponents (1ms)
	FinalizeReload (859ms)
		ReleaseScriptCaches (0ms)
		RebuildScriptCaches (0ms)
		SetupLoadedEditorAssemblies (770ms)
			LogAssemblyErrors (0ms)
			InitializePlatformSupportModulesInManaged (536ms)
			SetLoadedEditorAssemblies (5ms)
			RefreshPlugins (0ms)
			BeforeProcessingInitializeOnLoad (3ms)
			ProcessInitializeOnLoadAttributes (162ms)
			ProcessInitializeOnLoadMethodAttributes (63ms)
			AfterProcessingInitializeOnLoad (0ms)
			EditorAssembliesLoaded (0ms)
		ExecutionOrderSort2 (0ms)
		AwakeInstancesAfterBackupRestoration (0ms)
========================================================================
Worker process is ready to serve import requests
Begin MonoManager ReloadAssembly
- Loaded All Assemblies, in  0.922 seconds
Refreshing native plugins compatible for Editor in 23.66 ms, found 12 plugins.
Native extension for WindowsStandalone target not found
Native extension for Android target not found
Package Manager log level set to [2]
[Package Manager] Server::EnsureServerProcessIsRunning -- launch failed, reason: Unity was launched with the -noUpm command-line argument
[Package Manager] UpmClient::Send -- Unable to send message (not connected to UPM process).
[Package Manager] Cannot connect to Unity Package Manager local server
[Package Manager] Server::EnsureServerProcessIsRunning -- launch failed, reason: Unity was launched with the -noUpm command-line argument
[Package Manager] UpmClient::Send -- Unable to send message (not connected to UPM process).
[Package Manager] Cannot connect to Unity Package Manager local server
System.Reflection.TargetInvocationException: Exception has been thrown by the target of an invocation. ---> System.NullReferenceException: Object reference not set to an instance of an object
  at Unity.XR.Oculus.OculusLoader.AssetPathToAbsolutePath (System.String assetPath) [0x00040] in .\Library\PackageCache\com.unity.xr.oculus@4.1.2\Runtime\OculusLoader.cs:287 
  at Unity.XR.Oculus.OculusLoader.EditorLoadOVRPlugin () [0x00084] in .\Library\PackageCache\com.unity.xr.oculus@4.1.2\Runtime\OculusLoader.cs:272 
  at (wrapper managed-to-native) System.Reflection.RuntimeMethodInfo.InternalInvoke(System.Reflection.RuntimeMethodInfo,object,object[],System.Exception&)
  at System.Reflection.RuntimeMethodInfo.Invoke (System.Object obj, System.Reflection.BindingFlags invokeAttr, System.Reflection.Binder binder, System.Object[] parameters, System.Globalization.CultureInfo culture) [0x0006a] in <17d9ce77f27a4bd2afb5ba32c9bea976>:0 
   --- End of inner exception stack trace ---
  at System.Reflection.RuntimeMethodInfo.Invoke (System.Object obj, System.Reflection.BindingFlags invokeAttr, System.Reflection.Binder binder, System.Object[] parameters, System.Globalization.CultureInfo culture) [0x00083] in <17d9ce77f27a4bd2afb5ba32c9bea976>:0 
  at System.Reflection.MethodBase.Invoke (System.Object obj, System.Object[] parameters) [0x00000] in <17d9ce77f27a4bd2afb5ba32c9bea976>:0 
  at UnityEditor.EditorAssemblies.ProcessInitializeOnLoadMethodAttributes () [0x000a5] in <5e6ebaa7d75c4d5399dc81ecead6b43f>:0 
UnityEngine.StackTraceUtility:ExtractStackTrace ()
UnityEngine.DebugLogHandler:LogFormat (UnityEngine.LogType,UnityEngine.Object,string,object[])
UnityEngine.Logger:Log (UnityEngine.LogType,object)
UnityEngine.Debug:LogError (object)
UnityEditor.EditorAssemblies:ProcessInitializeOnLoadMethodAttributes ()

Mono: successfully reloaded assembly
[Package Manager] Server::EnsureServerProcessIsRunning -- launch failed, reason: Unity was launched with the -noUpm command-line argument
[Package Manager] UpmClient::Send -- Unable to send message (not connected to UPM process).
[Package Manager] Cannot connect to Unity Package Manager local server
[Package Manager] Server::EnsureServerProcessIsRunning -- launch failed, reason: Unity was launched with the -noUpm command-line argument
[Package Manager] UpmClient::Send -- Unable to send message (not connected to UPM process).
[Package Manager] Cannot connect to Unity Package Manager local server
- Finished resetting the current domain, in  0.988 seconds
Domain Reload Profiling: 1904ms
	BeginReloadAssembly (199ms)
		ExecutionOrderSort (0ms)
		DisableScriptedObjects (7ms)
		BackupInstance (0ms)
		ReleaseScriptingObjects (0ms)
		CreateAndSetChildDomain (31ms)
	RebuildCommonClasses (45ms)
	RebuildNativeTypeToScriptingClass (16ms)
	initialDomainReloadingComplete (41ms)
	LoadAllAssembliesAndSetupDomain (615ms)
		LoadAssemblies (409ms)
		RebuildTransferFunctionScriptingTraits (0ms)
		AnalyzeDomain (319ms)
			TypeCache.Refresh (275ms)
				TypeCache.ScanAssembly (245ms)
			ScanForSourceGeneratedMonoScriptInfo (33ms)
			ResolveRequiredComponents (10ms)
	FinalizeReload (988ms)
		ReleaseScriptCaches (0ms)
		RebuildScriptCaches (0ms)
		SetupLoadedEditorAssemblies (740ms)
			LogAssemblyErrors (0ms)
			InitializePlatformSupportModulesInManaged (34ms)
			SetLoadedEditorAssemblies (4ms)
			RefreshPlugins (0ms)
			BeforeProcessingInitializeOnLoad (103ms)
			ProcessInitializeOnLoadAttributes (505ms)
			ProcessInitializeOnLoadMethodAttributes (83ms)
			AfterProcessingInitializeOnLoad (11ms)
			EditorAssembliesLoaded (0ms)
		ExecutionOrderSort2 (0ms)
		AwakeInstancesAfterBackupRestoration (9ms)
Launched and connected shader compiler UnityShaderCompiler.exe after 0.06 seconds
Refreshing native plugins compatible for Editor in 23.83 ms, found 12 plugins.
Preloading 1 native plugins for Editor in 0.11 ms.
Unloading 4203 Unused Serialized files (Serialized files now loaded: 0)
Unloading 88 unused Assets / (1.8 MB). Loaded Objects now: 4678.
Memory consumption went from 181.7 MB to 179.9 MB.
Total: 4.954000 ms (FindLiveObjects: 0.355100 ms CreateObjectMapping: 0.230100 ms MarkObjects: 3.883600 ms  DeleteObjects: 0.484200 ms)

AssetImportParameters requested are different than current active one (requested -> active):
  custom:container-demuxer-ogg: 62fdf1f143b41e24485cea50d1cbac27 -> 
  custom:video-decoder-ogg-theora: a1e56fd34408186e4bbccfd4996cb3dc -> 
  custom:framework-win-MediaFoundation: 216162199b28c13a410421893ffa2e32 -> 
  custom:CustomObjectIndexerAttribute: 6d391050e5a25f67b0a2c618074f2cd9 -> 
  custom:container-demuxer-webm: 4f35f7cbe854078d1ac9338744f61a02 -> 
  custom:container-muxer-webm: aa71ff27fc2769a1b78a27578f13a17b -> 
  custom:video-decoder-webm-vp8: 9c59270c3fd7afecdb556c50c9e8de78 -> 
  custom:SearchIndexIgnoredProperties: e643bd26f0fe6173181afceb89e7c659 -> 
  custom:AudioImporter_EditorPlatform: d09bf68614088b80899f8185d706f6e7 -> 
  custom:video-encoder-webm-vp8: eb34c28f22e8b96e1ab97ce403110664 -> 
  custom:audio-decoder-ogg-vorbis: bf7c407c2cedff20999df2af8eb42d56 -> 
  custom:audio-encoder-webm-vorbis: bf7c407c2cedff20999df2af8eb42d56 -> 
========================================================================
Received Prepare
Begin MonoManager ReloadAssembly
- Loaded All Assemblies, in  0.593 seconds
Refreshing native plugins compatible for Editor in 19.66 ms, found 12 plugins.
Native extension for WindowsStandalone target not found
Native extension for Android target not found
[Package Manager] Server::EnsureServerProcessIsRunning -- launch failed, reason: Unity was launched with the -noUpm command-line argument
[Package Manager] UpmClient::Send -- Unable to send message (not connected to UPM process).
[Package Manager] Cannot connect to Unity Package Manager local server
[Package Manager] Server::EnsureServerProcessIsRunning -- launch failed, reason: Unity was launched with the -noUpm command-line argument
[Package Manager] UpmClient::Send -- Unable to send message (not connected to UPM process).
[Package Manager] Cannot connect to Unity Package Manager local server
System.Reflection.TargetInvocationException: Exception has been thrown by the target of an invocation. ---> System.NullReferenceException: Object reference not set to an instance of an object
  at Unity.XR.Oculus.OculusLoader.AssetPathToAbsolutePath (System.String assetPath) [0x00040] in .\Library\PackageCache\com.unity.xr.oculus@4.1.2\Runtime\OculusLoader.cs:287 
  at Unity.XR.Oculus.OculusLoader.EditorLoadOVRPlugin () [0x00084] in .\Library\PackageCache\com.unity.xr.oculus@4.1.2\Runtime\OculusLoader.cs:272 
  at (wrapper managed-to-native) System.Reflection.RuntimeMethodInfo.InternalInvoke(System.Reflection.RuntimeMethodInfo,object,object[],System.Exception&)
  at System.Reflection.RuntimeMethodInfo.Invoke (System.Object obj, System.Reflection.BindingFlags invokeAttr, System.Reflection.Binder binder, System.Object[] parameters, System.Globalization.CultureInfo culture) [0x0006a] in <17d9ce77f27a4bd2afb5ba32c9bea976>:0 
   --- End of inner exception stack trace ---
  at System.Reflection.RuntimeMethodInfo.Invoke (System.Object obj, System.Reflection.BindingFlags invokeAttr, System.Reflection.Binder binder, System.Object[] parameters, System.Globalization.CultureInfo culture) [0x00083] in <17d9ce77f27a4bd2afb5ba32c9bea976>:0 
  at System.Reflection.MethodBase.Invoke (System.Object obj, System.Object[] parameters) [0x00000] in <17d9ce77f27a4bd2afb5ba32c9bea976>:0 
  at UnityEditor.EditorAssemblies.ProcessInitializeOnLoadMethodAttributes () [0x000a5] in <5e6ebaa7d75c4d5399dc81ecead6b43f>:0 
UnityEngine.StackTraceUtility:ExtractStackTrace ()
UnityEngine.DebugLogHandler:LogFormat (UnityEngine.LogType,UnityEngine.Object,string,object[])
UnityEngine.Logger:Log (UnityEngine.LogType,object)
UnityEngine.Debug:LogError (object)
UnityEditor.EditorAssemblies:ProcessInitializeOnLoadMethodAttributes ()

Mono: successfully reloaded assembly
[Package Manager] Server::EnsureServerProcessIsRunning -- launch failed, reason: Unity was launched with the -noUpm command-line argument
[Package Manager] UpmClient::Send -- Unable to send message (not connected to UPM process).
[Package Manager] Cannot connect to Unity Package Manager local server
- Finished resetting the current domain, in  1.333 seconds
Domain Reload Profiling: 1919ms
	BeginReloadAssembly (209ms)
		ExecutionOrderSort (0ms)
		DisableScriptedObjects (6ms)
		BackupInstance (0ms)
		ReleaseScriptingObjects (0ms)
		CreateAndSetChildDomain (46ms)
	RebuildCommonClasses (43ms)
	RebuildNativeTypeToScriptingClass (12ms)
	initialDomainReloadingComplete (37ms)
	LoadAllAssembliesAndSetupDomain (285ms)
		LoadAssemblies (360ms)
		RebuildTransferFunctionScriptingTraits (0ms)
		AnalyzeDomain (43ms)
			TypeCache.Refresh (14ms)
				TypeCache.ScanAssembly (3ms)
			ScanForSourceGeneratedMonoScriptInfo (18ms)
			ResolveRequiredComponents (10ms)
	FinalizeReload (1333ms)
		ReleaseScriptCaches (0ms)
		RebuildScriptCaches (0ms)
		SetupLoadedEditorAssemblies (626ms)
			LogAssemblyErrors (0ms)
			InitializePlatformSupportModulesInManaged (42ms)
			SetLoadedEditorAssemblies (4ms)
			RefreshPlugins (0ms)
			BeforeProcessingInitializeOnLoad (99ms)
			ProcessInitializeOnLoadAttributes (411ms)
			ProcessInitializeOnLoadMethodAttributes (59ms)
			AfterProcessingInitializeOnLoad (11ms)
			EditorAssembliesLoaded (0ms)
		ExecutionOrderSort2 (0ms)
		AwakeInstancesAfterBackupRestoration (8ms)
Refreshing native plugins compatible for Editor in 22.76 ms, found 12 plugins.
Preloading 1 native plugins for Editor in 0.10 ms.
Unloading 4136 Unused Serialized files (Serialized files now loaded: 0)
Unloading 72 unused Assets / (1.8 MB). Loaded Objects now: 4682.
Memory consumption went from 170.4 MB to 168.6 MB.
Total: 5.283600 ms (FindLiveObjects: 0.388400 ms CreateObjectMapping: 0.447600 ms MarkObjects: 3.372500 ms  DeleteObjects: 1.073900 ms)

Prepare: number of updated asset objects reloaded= 0
AssetImportParameters requested are different than current active one (requested -> active):
  custom:container-demuxer-ogg: 62fdf1f143b41e24485cea50d1cbac27 -> 
  custom:video-decoder-ogg-theora: a1e56fd34408186e4bbccfd4996cb3dc -> 
  custom:framework-win-MediaFoundation: 216162199b28c13a410421893ffa2e32 -> 
  custom:CustomObjectIndexerAttribute: 6d391050e5a25f67b0a2c618074f2cd9 -> 
  custom:container-demuxer-webm: 4f35f7cbe854078d1ac9338744f61a02 -> 
  custom:container-muxer-webm: aa71ff27fc2769a1b78a27578f13a17b -> 
  custom:video-decoder-webm-vp8: 9c59270c3fd7afecdb556c50c9e8de78 -> 
  custom:SearchIndexIgnoredProperties: e643bd26f0fe6173181afceb89e7c659 -> 
  custom:AudioImporter_EditorPlatform: d09bf68614088b80899f8185d706f6e7 -> 
  custom:video-encoder-webm-vp8: eb34c28f22e8b96e1ab97ce403110664 -> 
  custom:audio-decoder-ogg-vorbis: bf7c407c2cedff20999df2af8eb42d56 -> 
  custom:audio-encoder-webm-vorbis: bf7c407c2cedff20999df2af8eb42d56 -> 
========================================================================
Received Prepare
Begin MonoManager ReloadAssembly
- Loaded All Assemblies, in  0.550 seconds
Refreshing native plugins compatible for Editor in 21.82 ms, found 12 plugins.
Native extension for WindowsStandalone target not found
Native extension for Android target not found
[Package Manager] Server::EnsureServerProcessIsRunning -- launch failed, reason: Unity was launched with the -noUpm command-line argument
[Package Manager] UpmClient::Send -- Unable to send message (not connected to UPM process).
[Package Manager] Cannot connect to Unity Package Manager local server
[Package Manager] Server::EnsureServerProcessIsRunning -- launch failed, reason: Unity was launched with the -noUpm command-line argument
[Package Manager] UpmClient::Send -- Unable to send message (not connected to UPM process).
[Package Manager] Cannot connect to Unity Package Manager local server
System.Reflection.TargetInvocationException: Exception has been thrown by the target of an invocation. ---> System.NullReferenceException: Object reference not set to an instance of an object
  at Unity.XR.Oculus.OculusLoader.AssetPathToAbsolutePath (System.String assetPath) [0x00040] in .\Library\PackageCache\com.unity.xr.oculus@4.1.2\Runtime\OculusLoader.cs:287 
  at Unity.XR.Oculus.OculusLoader.EditorLoadOVRPlugin () [0x00084] in .\Library\PackageCache\com.unity.xr.oculus@4.1.2\Runtime\OculusLoader.cs:272 
  at (wrapper managed-to-native) System.Reflection.RuntimeMethodInfo.InternalInvoke(System.Reflection.RuntimeMethodInfo,object,object[],System.Exception&)
  at System.Reflection.RuntimeMethodInfo.Invoke (System.Object obj, System.Reflection.BindingFlags invokeAttr, System.Reflection.Binder binder, System.Object[] parameters, System.Globalization.CultureInfo culture) [0x0006a] in <17d9ce77f27a4bd2afb5ba32c9bea976>:0 
   --- End of inner exception stack trace ---
  at System.Reflection.RuntimeMethodInfo.Invoke (System.Object obj, System.Reflection.BindingFlags invokeAttr, System.Reflection.Binder binder, System.Object[] parameters, System.Globalization.CultureInfo culture) [0x00083] in <17d9ce77f27a4bd2afb5ba32c9bea976>:0 
  at System.Reflection.MethodBase.Invoke (System.Object obj, System.Object[] parameters) [0x00000] in <17d9ce77f27a4bd2afb5ba32c9bea976>:0 
  at UnityEditor.EditorAssemblies.ProcessInitializeOnLoadMethodAttributes () [0x000a5] in <5e6ebaa7d75c4d5399dc81ecead6b43f>:0 
UnityEngine.StackTraceUtility:ExtractStackTrace ()
UnityEngine.DebugLogHandler:LogFormat (UnityEngine.LogType,UnityEngine.Object,string,object[])
UnityEngine.Logger:Log (UnityEngine.LogType,object)
UnityEngine.Debug:LogError (object)
UnityEditor.EditorAssemblies:ProcessInitializeOnLoadMethodAttributes ()

Mono: successfully reloaded assembly
[Package Manager] Server::EnsureServerProcessIsRunning -- launch failed, reason: Unity was launched with the -noUpm command-line argument
[Package Manager] UpmClient::Send -- Unable to send message (not connected to UPM process).
[Package Manager] Cannot connect to Unity Package Manager local server
- Finished resetting the current domain, in  1.309 seconds
Domain Reload Profiling: 1854ms
	BeginReloadAssembly (191ms)
		ExecutionOrderSort (0ms)
		DisableScriptedObjects (6ms)
		BackupInstance (0ms)
		ReleaseScriptingObjects (0ms)
		CreateAndSetChildDomain (46ms)
	RebuildCommonClasses (37ms)
	RebuildNativeTypeToScriptingClass (13ms)
	initialDomainReloadingComplete (34ms)
	LoadAllAssembliesAndSetupDomain (270ms)
		LoadAssemblies (324ms)
		RebuildTransferFunctionScriptingTraits (0ms)
		AnalyzeDomain (44ms)
			TypeCache.Refresh (15ms)
				TypeCache.ScanAssembly (4ms)
			ScanForSourceGeneratedMonoScriptInfo (14ms)
			ResolveRequiredComponents (13ms)
	FinalizeReload (1310ms)
		ReleaseScriptCaches (0ms)
		RebuildScriptCaches (0ms)
		SetupLoadedEditorAssemblies (589ms)
			LogAssemblyErrors (0ms)
			InitializePlatformSupportModulesInManaged (31ms)
			SetLoadedEditorAssemblies (4ms)
			RefreshPlugins (0ms)
			BeforeProcessingInitializeOnLoad (88ms)
			ProcessInitializeOnLoadAttributes (395ms)
			ProcessInitializeOnLoadMethodAttributes (60ms)
			AfterProcessingInitializeOnLoad (12ms)
			EditorAssembliesLoaded (0ms)
		ExecutionOrderSort2 (0ms)
		AwakeInstancesAfterBackupRestoration (11ms)
Refreshing native plugins compatible for Editor in 24.60 ms, found 12 plugins.
Preloading 1 native plugins for Editor in 0.08 ms.
Unloading 4136 Unused Serialized files (Serialized files now loaded: 0)
Unloading 72 unused Assets / (1.8 MB). Loaded Objects now: 4686.
Memory consumption went from 172.3 MB to 170.6 MB.
Total: 4.660100 ms (FindLiveObjects: 0.504000 ms CreateObjectMapping: 0.368100 ms MarkObjects: 3.159000 ms  DeleteObjects: 0.628000 ms)

Prepare: number of updated asset objects reloaded= 0
AssetImportParameters requested are different than current active one (requested -> active):
  custom:container-demuxer-ogg: 62fdf1f143b41e24485cea50d1cbac27 -> 
  custom:video-decoder-ogg-theora: a1e56fd34408186e4bbccfd4996cb3dc -> 
  custom:framework-win-MediaFoundation: 216162199b28c13a410421893ffa2e32 -> 
  custom:CustomObjectIndexerAttribute: 6d391050e5a25f67b0a2c618074f2cd9 -> 
  custom:container-demuxer-webm: 4f35f7cbe854078d1ac9338744f61a02 -> 
  custom:container-muxer-webm: aa71ff27fc2769a1b78a27578f13a17b -> 
  custom:video-decoder-webm-vp8: 9c59270c3fd7afecdb556c50c9e8de78 -> 
  custom:SearchIndexIgnoredProperties: e643bd26f0fe6173181afceb89e7c659 -> 
  custom:AudioImporter_EditorPlatform: d09bf68614088b80899f8185d706f6e7 -> 
  custom:video-encoder-webm-vp8: eb34c28f22e8b96e1ab97ce403110664 -> 
  custom:audio-decoder-ogg-vorbis: bf7c407c2cedff20999df2af8eb42d56 -> 
  custom:audio-encoder-webm-vorbis: bf7c407c2cedff20999df2af8eb42d56 -> 
========================================================================
Received Import Request.
  Time since last request: 45391.817216 seconds.
  path: Assets/Imports/Altar_Ruins_FREE/Art/Meshes/Platform.FBX
  artifactKey: Guid(5ddcb158a4f88544bba1a452e40872c8) Importer(815301076,1909f56bfc062723c751e8b465ee728b)
Start importing Assets/Imports/Altar_Ruins_FREE/Art/Meshes/Platform.FBX using Guid(5ddcb158a4f88544bba1a452e40872c8) Importer(815301076,1909f56bfc062723c751e8b465ee728b)  -> (artifact id: '853d5a15193c38ff8a486fa24918550e') in 0.148280 seconds
Number of updated asset objects reloaded before import = 0
Number of asset objects unloaded after import = 8
========================================================================
Received Import Request.
  Time since last request: 0.000026 seconds.
  path: Assets/Imports/House Paintings/Materials/Diary Entry.mat
  artifactKey: Guid(2fd4dd4f326a8b04b9c9324bba90c08d) Importer(815301076,1909f56bfc062723c751e8b465ee728b)
Start importing Assets/Imports/House Paintings/Materials/Diary Entry.mat using Guid(2fd4dd4f326a8b04b9c9324bba90c08d) Importer(815301076,1909f56bfc062723c751e8b465ee728b)  -> (artifact id: 'dcb473a5cf32ff34db413de8ec04e0a2') in 0.021230 seconds
Number of updated asset objects reloaded before import = 0
Number of asset objects unloaded after import = 2
========================================================================
Received Import Request.
  Time since last request: 0.000061 seconds.
  path: Assets/Imports/ModularLowpolyStreetsFree/Materials/Roads/Crossroads-1-lines-walk.mat
  artifactKey: Guid(206d16026d8514549bfa91a62e6a7f5d) Importer(815301076,1909f56bfc062723c751e8b465ee728b)
Start importing Assets/Imports/ModularLowpolyStreetsFree/Materials/Roads/Crossroads-1-lines-walk.mat using Guid(206d16026d8514549bfa91a62e6a7f5d) Importer(815301076,1909f56bfc062723c751e8b465ee728b)  -> (artifact id: '766d66c41cc8cc74660ceb975f97b824') in 0.352613 seconds
Number of updated asset objects reloaded before import = 0
Number of asset objects unloaded after import = 3
========================================================================
Received Import Request.
  Time since last request: 0.000027 seconds.
  path: Assets/Imports/ModularLowpolyStreetsFree/Materials/Roads/Border.mat
  artifactKey: Guid(49658c6e81bdb5542adfcb43a4324d86) Importer(815301076,1909f56bfc062723c751e8b465ee728b)
Start importing Assets/Imports/ModularLowpolyStreetsFree/Materials/Roads/Border.mat using Guid(49658c6e81bdb5542adfcb43a4324d86) Importer(815301076,1909f56bfc062723c751e8b465ee728b)  -> (artifact id: '8db538b170a372d6e93c1b543cc7aff9') in 0.019727 seconds
Number of updated asset objects reloaded before import = 0
Number of asset objects unloaded after import = 3
========================================================================
Received Import Request.
  Time since last request: 0.000038 seconds.
  path: Assets/Imports/Altar_Ruins_FREE/Art/Meshes/Entrance.FBX
  artifactKey: Guid(8db1fb7b397944246b6bd754d350630f) Importer(815301076,1909f56bfc062723c751e8b465ee728b)
Start importing Assets/Imports/Altar_Ruins_FREE/Art/Meshes/Entrance.FBX using Guid(8db1fb7b397944246b6bd754d350630f) Importer(815301076,1909f56bfc062723c751e8b465ee728b)  -> (artifact id: '0a19a5fdb565810b085a793a543b337f') in 0.024648 seconds
Number of updated asset objects reloaded before import = 0
Number of asset objects unloaded after import = 8
========================================================================
Received Import Request.
  Time since last request: 0.000030 seconds.
  path: Assets/Imports/ModularLowpolyStreetsFree/Materials/Other/Cafe-chair-1.mat
  artifactKey: Guid(a9d75633b554b0f42ad144d5f0336e2b) Importer(815301076,1909f56bfc062723c751e8b465ee728b)
Start importing Assets/Imports/ModularLowpolyStreetsFree/Materials/Other/Cafe-chair-1.mat using Guid(a9d75633b554b0f42ad144d5f0336e2b) Importer(815301076,1909f56bfc062723c751e8b465ee728b)  -> (artifact id: '427af1d3889bad26486ecee39dbbd0dc') in 0.045022 seconds
Number of updated asset objects reloaded before import = 0
Number of asset objects unloaded after import = 4
========================================================================
Received Import Request.
  Time since last request: 0.000032 seconds.
  path: Assets/BNG Framework/HandPoser/Materials/DebugMaterial3.mat
  artifactKey: Guid(76843dd28b30ee542a02d82692356688) Importer(815301076,1909f56bfc062723c751e8b465ee728b)
Start importing Assets/BNG Framework/HandPoser/Materials/DebugMaterial3.mat using Guid(76843dd28b30ee542a02d82692356688) Importer(815301076,1909f56bfc062723c751e8b465ee728b)  -> (artifact id: 'c3cc01ea9acc3e92d9b3cc50712e81d0') in 0.014753 seconds
Number of updated asset objects reloaded before import = 0
Number of asset objects unloaded after import = 1
========================================================================
Received Import Request.
  Time since last request: 0.000034 seconds.
  path: Assets/Imports/ModularLowpolyStreetsFree/Materials/Other/Cafe-table-1.mat
  artifactKey: Guid(4d9e55684f3dcdf44ac69eb3fc195388) Importer(815301076,1909f56bfc062723c751e8b465ee728b)
Start importing Assets/Imports/ModularLowpolyStreetsFree/Materials/Other/Cafe-table-1.mat using Guid(4d9e55684f3dcdf44ac69eb3fc195388) Importer(815301076,1909f56bfc062723c751e8b465ee728b)  -> (artifact id: '3ae568c7530366cad9af3cf36009bb66') in 0.104557 seconds
Number of updated asset objects reloaded before import = 0
Number of asset objects unloaded after import = 5
========================================================================
Received Import Request.
  Time since last request: 0.000015 seconds.
  path: Assets/BNG Framework/HandPoser/Materials/DebugMaterial2.mat
  artifactKey: Guid(df617ef0a04e8ba44b032ca1453aba3a) Importer(815301076,1909f56bfc062723c751e8b465ee728b)
Start importing Assets/BNG Framework/HandPoser/Materials/DebugMaterial2.mat using Guid(df617ef0a04e8ba44b032ca1453aba3a) Importer(815301076,1909f56bfc062723c751e8b465ee728b)  -> (artifact id: '1e2851e6e760a015e45bed81bd86ca15') in 0.017872 seconds
Number of updated asset objects reloaded before import = 0
Number of asset objects unloaded after import = 1
========================================================================
Received Import Request.
  Time since last request: 0.000020 seconds.
  path: Assets/BNG Framework/HandPoser/Materials/DefaultHandPose.mat
  artifactKey: Guid(e3df546e5660b4e4da0d686c93c9cf6e) Importer(815301076,1909f56bfc062723c751e8b465ee728b)
Start importing Assets/BNG Framework/HandPoser/Materials/DefaultHandPose.mat using Guid(e3df546e5660b4e4da0d686c93c9cf6e) Importer(815301076,1909f56bfc062723c751e8b465ee728b)  -> (artifact id: 'd185ec41ddfcae9f944c5dc6ee5f7ab2') in 0.016238 seconds
Number of updated asset objects reloaded before import = 0
Number of asset objects unloaded after import = 1
========================================================================
Received Import Request.
  Time since last request: 0.000025 seconds.
  path: Assets/Imports/Altar_Ruins_FREE/Art/Meshes/Materials/01 - Default.mat
  artifactKey: Guid(da268c2668f2c1c409509d70ee483605) Importer(815301076,1909f56bfc062723c751e8b465ee728b)
Start importing Assets/Imports/Altar_Ruins_FREE/Art/Meshes/Materials/01 - Default.mat using Guid(da268c2668f2c1c409509d70ee483605) Importer(815301076,1909f56bfc062723c751e8b465ee728b)  -> (artifact id: '37a6dcc8dd1879e6e282dbb4c4c6cc50') in 0.012749 seconds
Number of updated asset objects reloaded before import = 0
Number of asset objects unloaded after import = 1
========================================================================
Received Import Request.
  Time since last request: 0.000015 seconds.
  path: Assets/Imports/ModularLowpolyStreetsFree/Materials/Roads/Crossroads-1-lines-circ.mat
  artifactKey: Guid(37bc864c159ad2b42af78734d8a63b8b) Importer(815301076,1909f56bfc062723c751e8b465ee728b)
Start importing Assets/Imports/ModularLowpolyStreetsFree/Materials/Roads/Crossroads-1-lines-circ.mat using Guid(37bc864c159ad2b42af78734d8a63b8b) Importer(815301076,1909f56bfc062723c751e8b465ee728b)  -> (artifact id: '51aa91463be044fd95b38b219596721d') in 0.033937 seconds
Number of updated asset objects reloaded before import = 0
Number of asset objects unloaded after import = 3
========================================================================
Received Import Request.
  Time since last request: 0.000029 seconds.
  path: Assets/Imports/ModularLowpolyStreetsFree/Materials/Roads/Crossroads-1-lines-walk-2.mat
  artifactKey: Guid(6e29508a3a906694a8ac20b7ddae7087) Importer(815301076,1909f56bfc062723c751e8b465ee728b)
Start importing Assets/Imports/ModularLowpolyStreetsFree/Materials/Roads/Crossroads-1-lines-walk-2.mat using Guid(6e29508a3a906694a8ac20b7ddae7087) Importer(815301076,1909f56bfc062723c751e8b465ee728b)  -> (artifact id: '197d1c46561bb32db9d79c35c2584bc0') in 0.032884 seconds
Number of updated asset objects reloaded before import = 0
Number of asset objects unloaded after import = 3
========================================================================
Received Import Request.
  Time since last request: 0.000016 seconds.
  path: Assets/Imports/Altar_Ruins_FREE/Art/Textures/Material/Arches.mat
  artifactKey: Guid(d4e3e7bf34d6ec149bb1b0d5814e1089) Importer(815301076,1909f56bfc062723c751e8b465ee728b)
Start importing Assets/Imports/Altar_Ruins_FREE/Art/Textures/Material/Arches.mat using Guid(d4e3e7bf34d6ec149bb1b0d5814e1089) Importer(815301076,1909f56bfc062723c751e8b465ee728b)  -> (artifact id: '8a8dc3df8f08b3399844a70d34a796b8') in 0.538783 seconds
Number of updated asset objects reloaded before import = 0
Number of asset objects unloaded after import = 5
========================================================================
Received Import Request.
  Time since last request: 0.000031 seconds.
  path: Assets/Imports/PolygonDungeon/Materials/Alternatives/Dungeon_Material_02_A.mat
  artifactKey: Guid(adbe0f4574273aa469f66a7c5f8d6876) Importer(815301076,1909f56bfc062723c751e8b465ee728b)
Start importing Assets/Imports/PolygonDungeon/Materials/Alternatives/Dungeon_Material_02_A.mat using Guid(adbe0f4574273aa469f66a7c5f8d6876) Importer(815301076,1909f56bfc062723c751e8b465ee728b)  -> (artifact id: '1f8951488563005c2a38e2fe8c4705ca') in 0.036962 seconds
Number of updated asset objects reloaded before import = 0
Number of asset objects unloaded after import = 3
========================================================================
Received Import Request.
  Time since last request: 0.000026 seconds.
  path: Assets/Imports/PolygonDungeon/Materials/Alternatives/Dungeon_Material_01_B.mat
  artifactKey: Guid(2f812bc7d2391f74095c870e8dea3e37) Importer(815301076,1909f56bfc062723c751e8b465ee728b)
Start importing Assets/Imports/PolygonDungeon/Materials/Alternatives/Dungeon_Material_01_B.mat using Guid(2f812bc7d2391f74095c870e8dea3e37) Importer(815301076,1909f56bfc062723c751e8b465ee728b)  -> (artifact id: '1cbb74fefdf863253390b91e7b5469c8') in 0.034191 seconds
Number of updated asset objects reloaded before import = 0
Number of asset objects unloaded after import = 3
========================================================================
Received Import Request.
  Time since last request: 0.000021 seconds.
  path: Assets/Imports/PolygonDungeon/Materials/Alternatives/Dungeon_Material_02_C.mat
  artifactKey: Guid(f470159569cddea4a947afe501e2d54f) Importer(815301076,1909f56bfc062723c751e8b465ee728b)
Start importing Assets/Imports/PolygonDungeon/Materials/Alternatives/Dungeon_Material_02_C.mat using Guid(f470159569cddea4a947afe501e2d54f) Importer(815301076,1909f56bfc062723c751e8b465ee728b)  -> (artifact id: '7938803e7655780452fccf07da5af1d6') in 0.046549 seconds
Number of updated asset objects reloaded before import = 0
Number of asset objects unloaded after import = 3
========================================================================
Received Import Request.
  Time since last request: 0.000017 seconds.
  path: Assets/Imports/PolygonDungeon/Materials/Alternatives/Dungeon_Material_01_A.mat
  artifactKey: Guid(7ac7f7ed4e4639c41b96b549364e3a9d) Importer(815301076,1909f56bfc062723c751e8b465ee728b)
Start importing Assets/Imports/PolygonDungeon/Materials/Alternatives/Dungeon_Material_01_A.mat using Guid(7ac7f7ed4e4639c41b96b549364e3a9d) Importer(815301076,1909f56bfc062723c751e8b465ee728b)  -> (artifact id: '5ef648ea120d8e618205881e997a9152') in 0.033799 seconds
Number of updated asset objects reloaded before import = 0
Number of asset objects unloaded after import = 3
========================================================================
Received Import Request.
  Time since last request: 0.000045 seconds.
  path: Assets/Imports/PolygonDungeon/Materials/Alternatives/Dungeon_Material_01_C.mat
  artifactKey: Guid(ec4e3847523bb844499342c7de73a9b4) Importer(815301076,1909f56bfc062723c751e8b465ee728b)
Start importing Assets/Imports/PolygonDungeon/Materials/Alternatives/Dungeon_Material_01_C.mat using Guid(ec4e3847523bb844499342c7de73a9b4) Importer(815301076,1909f56bfc062723c751e8b465ee728b)  -> (artifact id: '548fe6acaca28a04f7c14077b7c6fb44') in 0.028282 seconds
Number of updated asset objects reloaded before import = 0
Number of asset objects unloaded after import = 3
========================================================================
Received Import Request.
  Time since last request: 0.000028 seconds.
  path: Assets/Imports/PolygonDungeon/Materials/Alternatives/Dungeon_Material_01_D.mat
  artifactKey: Guid(63b2458f634a82145935236ca002661d) Importer(815301076,1909f56bfc062723c751e8b465ee728b)
Start importing Assets/Imports/PolygonDungeon/Materials/Alternatives/Dungeon_Material_01_D.mat using Guid(63b2458f634a82145935236ca002661d) Importer(815301076,1909f56bfc062723c751e8b465ee728b)  -> (artifact id: '260ce3355cce9faf6a579fc5cce6aa19') in 0.038236 seconds
Number of updated asset objects reloaded before import = 0
Number of asset objects unloaded after import = 3
========================================================================
Received Import Request.
  Time since last request: 0.125511 seconds.
  path: Assets/Imports/PolygonDungeon/Materials/Alternatives/Dungeon_Material_03_B.mat
  artifactKey: Guid(b8d4818780a648f43a3c6e2d9b7e0dd7) Importer(815301076,1909f56bfc062723c751e8b465ee728b)
Start importing Assets/Imports/PolygonDungeon/Materials/Alternatives/Dungeon_Material_03_B.mat using Guid(b8d4818780a648f43a3c6e2d9b7e0dd7) Importer(815301076,1909f56bfc062723c751e8b465ee728b)  -> (artifact id: 'b019cdd95d66c094bc846f3761024303') in 0.032508 seconds
Number of updated asset objects reloaded before import = 0
Number of asset objects unloaded after import = 3
========================================================================
Received Import Request.
  Time since last request: 0.018486 seconds.
  path: Assets/Imports/PolygonDungeon/Materials/Alternatives/Dungeon_Material_03_D.mat
  artifactKey: Guid(d69305a10055d7c44b8baada30303e88) Importer(815301076,1909f56bfc062723c751e8b465ee728b)
Start importing Assets/Imports/PolygonDungeon/Materials/Alternatives/Dungeon_Material_03_D.mat using Guid(d69305a10055d7c44b8baada30303e88) Importer(815301076,1909f56bfc062723c751e8b465ee728b)  -> (artifact id: 'b0cc1954cadb8a19e4cc433c6bb87f3f') in 0.028911 seconds
Number of updated asset objects reloaded before import = 0
Number of asset objects unloaded after import = 3
========================================================================
Received Import Request.
  Time since last request: 0.000021 seconds.
  path: Assets/Imports/PolygonDungeon/Materials/Alternatives/Dungeon_Material_04_A.mat
  artifactKey: Guid(d1bae770b379c6e499b93122bbe784cb) Importer(815301076,1909f56bfc062723c751e8b465ee728b)
Start importing Assets/Imports/PolygonDungeon/Materials/Alternatives/Dungeon_Material_04_A.mat using Guid(d1bae770b379c6e499b93122bbe784cb) Importer(815301076,1909f56bfc062723c751e8b465ee728b)  -> (artifact id: 'fd09f1ef04f8ce6bbba773ac27549d67') in 0.030838 seconds
Number of updated asset objects reloaded before import = 0
Number of asset objects unloaded after import = 3
========================================================================
Received Import Request.
  Time since last request: 0.000032 seconds.
  path: Assets/Imports/PolygonDungeon/Materials/Alternatives/Dungeon_Material_04_D.mat
  artifactKey: Guid(677c1b3a96d0442478c508f22f3dff23) Importer(815301076,1909f56bfc062723c751e8b465ee728b)
Start importing Assets/Imports/PolygonDungeon/Materials/Alternatives/Dungeon_Material_04_D.mat using Guid(677c1b3a96d0442478c508f22f3dff23) Importer(815301076,1909f56bfc062723c751e8b465ee728b)  -> (artifact id: 'fa10b6d813f66c0cedcde2ec2728942f') in 0.033248 seconds
Number of updated asset objects reloaded before import = 0
Number of asset objects unloaded after import = 3
========================================================================
Received Import Request.
  Time since last request: 0.000051 seconds.
  path: Assets/Imports/PolygonDungeon/Materials/Misc/Dungeon_Material_Ice.mat
  artifactKey: Guid(6f564942779400d418ee39582abb85a6) Importer(815301076,1909f56bfc062723c751e8b465ee728b)
Start importing Assets/Imports/PolygonDungeon/Materials/Misc/Dungeon_Material_Ice.mat using Guid(6f564942779400d418ee39582abb85a6) Importer(815301076,1909f56bfc062723c751e8b465ee728b)  -> (artifact id: '81814d9c6892c36ef65df918e5e1c7de') in 0.329424 seconds
Number of updated asset objects reloaded before import = 0
Number of asset objects unloaded after import = 3
========================================================================
Received Import Request.
  Time since last request: 0.000027 seconds.
  path: Assets/Imports/PolygonDungeon/Materials/Misc/Dungeon_Material_TextureWalls.mat
  artifactKey: Guid(e31fd59401aad3747990f06e06debc6d) Importer(815301076,1909f56bfc062723c751e8b465ee728b)
Start importing Assets/Imports/PolygonDungeon/Materials/Misc/Dungeon_Material_TextureWalls.mat using Guid(e31fd59401aad3747990f06e06debc6d) Importer(815301076,1909f56bfc062723c751e8b465ee728b)  -> (artifact id: '6826bbec33644339263a0f33066ed6ca') in 0.442112 seconds
Number of updated asset objects reloaded before import = 0
Number of asset objects unloaded after import = 3
========================================================================
Received Import Request.
  Time since last request: 0.000047 seconds.
  path: Assets/Imports/PolygonDungeon/Materials/Misc/Dungeon_Material_TextureFloor_10.mat
  artifactKey: Guid(a6e4b9fc05805d848b0309009afa3dc1) Importer(815301076,1909f56bfc062723c751e8b465ee728b)
Start importing Assets/Imports/PolygonDungeon/Materials/Misc/Dungeon_Material_TextureFloor_10.mat using Guid(a6e4b9fc05805d848b0309009afa3dc1) Importer(815301076,1909f56bfc062723c751e8b465ee728b)  -> (artifact id: '5b82481aa36b886b5e4398a23e76ee60') in 0.075987 seconds
Number of updated asset objects reloaded before import = 0
Number of asset objects unloaded after import = 3
========================================================================
Received Import Request.
  Time since last request: 4.211568 seconds.
  path: Assets/Imports/PolygonDungeon/Materials/Misc/Dungeons_Material_Ghost_Soft.mat
  artifactKey: Guid(685714bc4595f7b4c8e75a582e09e6d3) Importer(815301076,1909f56bfc062723c751e8b465ee728b)
Start importing Assets/Imports/PolygonDungeon/Materials/Misc/Dungeons_Material_Ghost_Soft.mat using Guid(685714bc4595f7b4c8e75a582e09e6d3) Importer(815301076,1909f56bfc062723c751e8b465ee728b)  -> (artifact id: '407ac037ae385b8fa69b3dfc2b8f64ac') in 0.022015 seconds
Number of updated asset objects reloaded before import = 0
Number of asset objects unloaded after import = 1
========================================================================
Received Import Request.
  Time since last request: 0.000026 seconds.
  path: Assets/Imports/PolygonDungeon/Materials/Misc/Dungeons_Texture_Ghost.mat
  artifactKey: Guid(ea24e01b03f54464eadda8d044dc3d2e) Importer(815301076,1909f56bfc062723c751e8b465ee728b)
Start importing Assets/Imports/PolygonDungeon/Materials/Misc/Dungeons_Texture_Ghost.mat using Guid(ea24e01b03f54464eadda8d044dc3d2e) Importer(815301076,1909f56bfc062723c751e8b465ee728b)  -> (artifact id: '45f5dcd3386d615211ec756c709d9964') in 0.346703 seconds
Number of updated asset objects reloaded before import = 0
Number of asset objects unloaded after import = 2
========================================================================
Received Import Request.
  Time since last request: 0.000052 seconds.
  path: Assets/BNG Framework/HandPoser/Materials/fully_gloved_solid 1.mat
  artifactKey: Guid(3d48295bccb3f2f40b688ef8f401137a) Importer(815301076,1909f56bfc062723c751e8b465ee728b)
Start importing Assets/BNG Framework/HandPoser/Materials/fully_gloved_solid 1.mat using Guid(3d48295bccb3f2f40b688ef8f401137a) Importer(815301076,1909f56bfc062723c751e8b465ee728b)  -> (artifact id: '84c6e1f062a1b67eb44faf2f39c3e71e') in 0.023696 seconds
Number of updated asset objects reloaded before import = 0
Number of asset objects unloaded after import = 3
========================================================================
Received Import Request.
  Time since last request: 0.000031 seconds.
  path: Assets/TextMesh Pro/Resources/Fonts & Materials/digital-7 (mono).ttf
  artifactKey: Guid(15d3b9fde5e0c95478efaa53715110c4) Importer(815301076,1909f56bfc062723c751e8b465ee728b)
Start importing Assets/TextMesh Pro/Resources/Fonts & Materials/digital-7 (mono).ttf using Guid(15d3b9fde5e0c95478efaa53715110c4) Importer(815301076,1909f56bfc062723c751e8b465ee728b)  -> (artifact id: '7a8894ff9af74beb7db42589afe63167') in 0.025640 seconds
Number of updated asset objects reloaded before import = 0
Number of asset objects unloaded after import = 4
========================================================================
Received Import Request.
  Time since last request: 0.000050 seconds.
  path: Assets/TextMesh Pro/Fonts/LiberationSans.ttf
  artifactKey: Guid(e3265ab4bf004d28a9537516768c1c75) Importer(815301076,1909f56bfc062723c751e8b465ee728b)
Start importing Assets/TextMesh Pro/Fonts/LiberationSans.ttf using Guid(e3265ab4bf004d28a9537516768c1c75) Importer(815301076,1909f56bfc062723c751e8b465ee728b)  -> (artifact id: '868ae7279cb8681e901fb13a12c8cb7e') in 0.012440 seconds
Number of updated asset objects reloaded before import = 0
Number of asset objects unloaded after import = 4
========================================================================
Received Import Request.
  Time since last request: 0.000030 seconds.
  path: Assets/Imports/PolygonDungeon/Materials/Misc/FX_CandleFlame.mat
  artifactKey: Guid(169bd604eb7f4bf42bdb6c877f677c9c) Importer(815301076,1909f56bfc062723c751e8b465ee728b)
Start importing Assets/Imports/PolygonDungeon/Materials/Misc/FX_CandleFlame.mat using Guid(169bd604eb7f4bf42bdb6c877f677c9c) Importer(815301076,1909f56bfc062723c751e8b465ee728b)  -> (artifact id: 'efb87e59076b9c38bfb6cc11a682c2a7') in 0.019697 seconds
Number of updated asset objects reloaded before import = 0
Number of asset objects unloaded after import = 1
========================================================================
Received Import Request.
  Time since last request: 0.000020 seconds.
  path: Assets/Imports/PolygonDungeon/Materials/Misc/FX_LightRay.mat
  artifactKey: Guid(91f21d47c2b9b7d4e946b81b5b39f0af) Importer(815301076,1909f56bfc062723c751e8b465ee728b)
Start importing Assets/Imports/PolygonDungeon/Materials/Misc/FX_LightRay.mat using Guid(91f21d47c2b9b7d4e946b81b5b39f0af) Importer(815301076,1909f56bfc062723c751e8b465ee728b)  -> (artifact id: '400981fc27f2423e715d798f18132bb9') in 0.049953 seconds
Number of updated asset objects reloaded before import = 0
Number of asset objects unloaded after import = 1
========================================================================
Received Import Request.
  Time since last request: 0.000031 seconds.
  path: Assets/Imports/PolygonDungeon/Materials/Misc/FX_Dirt.mat
  artifactKey: Guid(1b4ac7f29d5087d489765315ce98b634) Importer(815301076,1909f56bfc062723c751e8b465ee728b)
Start importing Assets/Imports/PolygonDungeon/Materials/Misc/FX_Dirt.mat using Guid(1b4ac7f29d5087d489765315ce98b634) Importer(815301076,1909f56bfc062723c751e8b465ee728b)  -> (artifact id: '927ea777fbfaac8b8e576a57a6232682') in 0.018571 seconds
Number of updated asset objects reloaded before import = 0
Number of asset objects unloaded after import = 1
========================================================================
Received Import Request.
  Time since last request: 0.245121 seconds.
  path: Assets/BNG Framework/HandPoser/Materials/gloves_half.mat
  artifactKey: Guid(80489b8bed8bd21418939d3b622ff068) Importer(815301076,1909f56bfc062723c751e8b465ee728b)
Start importing Assets/BNG Framework/HandPoser/Materials/gloves_half.mat using Guid(80489b8bed8bd21418939d3b622ff068) Importer(815301076,1909f56bfc062723c751e8b465ee728b)  -> (artifact id: '220f70ab1aedfb10f4dbfc86f6468ae8') in 0.019362 seconds
Number of updated asset objects reloaded before import = 0
Number of asset objects unloaded after import = 1
========================================================================
Received Import Request.
  Time since last request: 0.391148 seconds.
  path: Assets/Scene Teleportation Kit/Art/Materials/ground_mat_orange.mat
  artifactKey: Guid(379cf5463c429a542b28d551571d4b5e) Importer(815301076,1909f56bfc062723c751e8b465ee728b)
Start importing Assets/Scene Teleportation Kit/Art/Materials/ground_mat_orange.mat using Guid(379cf5463c429a542b28d551571d4b5e) Importer(815301076,1909f56bfc062723c751e8b465ee728b)  -> (artifact id: '8b02905565c19a78c9ecc1c60f625d88') in 0.014809 seconds
Number of updated asset objects reloaded before import = 0
Number of asset objects unloaded after import = 1
Editor requested this worker to shutdown with reason: Scaling down because of idle timeout
TcpMessagingSession - receive error: operation aborted. errorcode: 995, details: Der E/A-Vorgang wurde wegen eines Threadendes oder einer Anwendungsanforderung abgebrochen.
AssetImportWorker is now disconnected from the server
Process exiting
Exiting without the bug reporter. Application will terminate with return code 0