Using pre-set license
Built from '2022.3/staging' branch; Version is '2022.3.17f1 (4fc78088f837) revision 5228416'; Using compiler version '192829333'; Build Type 'Release'
OS: 'Windows 11  (10.0.22631) 64bit Professional' Language: 'de' Physical Memory: 32703 MB
BatchMode: 1, IsHumanControllingUs: 0, StartBugReporterOnCrash: 0, Is64bit: 1, IsPro: 1

COMMAND LINE ARGUMENTS:
C:\Program Files\Unity\Hub\Editor\2022.3.17f1\Editor\Unity.exe
-adb2
-batchMode
-noUpm
-name
AssetImportWorker21
-projectPath
C:/Users/Manqoolat/Desktop/Palace_Of_Escape_new/Palace_Of_Escape_new
-logFile
Logs/AssetImportWorker21.log
-srvPort
57810
Successfully changed project path to: C:/Users/Manqoolat/Desktop/Palace_Of_Escape_new/Palace_Of_Escape_new
C:/Users/Manqoolat/Desktop/Palace_Of_Escape_new/Palace_Of_Escape_new
[UnityMemory] Configuration Parameters - Can be set up in boot.config
    "memorysetup-bucket-allocator-granularity=16"
    "memorysetup-bucket-allocator-bucket-count=8"
    "memorysetup-bucket-allocator-block-size=33554432"
    "memorysetup-bucket-allocator-block-count=8"
    "memorysetup-main-allocator-block-size=16777216"
    "memorysetup-thread-allocator-block-size=16777216"
    "memorysetup-gfx-main-allocator-block-size=16777216"
    "memorysetup-gfx-thread-allocator-block-size=16777216"
    "memorysetup-cache-allocator-block-size=4194304"
    "memorysetup-typetree-allocator-block-size=2097152"
    "memorysetup-profiler-bucket-allocator-granularity=16"
    "memorysetup-profiler-bucket-allocator-bucket-count=8"
    "memorysetup-profiler-bucket-allocator-block-size=33554432"
    "memorysetup-profiler-bucket-allocator-block-count=8"
    "memorysetup-profiler-allocator-block-size=16777216"
    "memorysetup-profiler-editor-allocator-block-size=1048576"
    "memorysetup-temp-allocator-size-main=16777216"
    "memorysetup-job-temp-allocator-block-size=2097152"
    "memorysetup-job-temp-allocator-block-size-background=1048576"
    "memorysetup-job-temp-allocator-reduction-small-platforms=262144"
    "memorysetup-allocator-temp-initial-block-size-main=262144"
    "memorysetup-allocator-temp-initial-block-size-worker=262144"
    "memorysetup-temp-allocator-size-background-worker=32768"
    "memorysetup-temp-allocator-size-job-worker=262144"
    "memorysetup-temp-allocator-size-preload-manager=33554432"
    "memorysetup-temp-allocator-size-nav-mesh-worker=65536"
    "memorysetup-temp-allocator-size-audio-worker=65536"
    "memorysetup-temp-allocator-size-cloud-worker=32768"
    "memorysetup-temp-allocator-size-gi-baking-worker=262144"
    "memorysetup-temp-allocator-size-gfx=262144"
Player connection [8940] Host "[IP] 192.168.1.31 [Port] 0 [Flags] 2 [Guid] 2419654399 [EditorId] 2419654399 [Version] 1048832 [Id] WindowsEditor(7,DESKTOP-6BBG85C) [Debug] 1 [PackageName] WindowsEditor [ProjectName] Editor" joined multi-casting on [225.0.0.222:54997]...

Player connection [8940] Host "[IP] 192.168.1.31 [Port] 0 [Flags] 2 [Guid] 2419654399 [EditorId] 2419654399 [Version] 1048832 [Id] WindowsEditor(7,DESKTOP-6BBG85C) [Debug] 1 [PackageName] WindowsEditor [ProjectName] Editor" joined alternative multi-casting on [225.0.0.222:34997]...

[Physics::Module] Initialized MultithreadedJobDispatcher with 15 workers.
Refreshing native plugins compatible for Editor in 35.29 ms, found 12 plugins.
Preloading 1 native plugins for Editor in 0.73 ms.
Initialize engine version: 2022.3.17f1 (4fc78088f837)
[Subsystems] Discovering subsystems at path C:/Program Files/Unity/Hub/Editor/2022.3.17f1/Editor/Data/Resources/UnitySubsystems
[Subsystems] Discovering subsystems at path C:/Users/Manqoolat/Desktop/Palace_Of_Escape_new/Palace_Of_Escape_new/Assets
GfxDevice: creating device client; threaded=0; jobified=0
Direct3D:
    Version:  Direct3D 11.0 [level 11.1]
    Renderer: NVIDIA GeForce RTX 2080 SUPER (ID=0x1e81)
    Vendor:   NVIDIA
    VRAM:     8001 MB
    Driver:   31.0.15.3598
Initialize mono
Mono path[0] = 'C:/Program Files/Unity/Hub/Editor/2022.3.17f1/Editor/Data/Managed'
Mono path[1] = 'C:/Program Files/Unity/Hub/Editor/2022.3.17f1/Editor/Data/MonoBleedingEdge/lib/mono/unityjit-win32'
Mono config path = 'C:/Program Files/Unity/Hub/Editor/2022.3.17f1/Editor/Data/MonoBleedingEdge/etc'
Using monoOptions --debugger-agent=transport=dt_socket,embedding=1,server=y,suspend=n,address=127.0.0.1:56336
Begin MonoManager ReloadAssembly
Registering precompiled unity dll's ...
Register platform support module: C:/Program Files/Unity/Hub/Editor/2022.3.17f1/Editor/Data/PlaybackEngines/AndroidPlayer/UnityEditor.Android.Extensions.dll
Register platform support module: C:/Program Files/Unity/Hub/Editor/2022.3.17f1/Editor/Data/PlaybackEngines/WindowsStandaloneSupport/UnityEditor.WindowsStandalone.Extensions.dll
Registered in 0.012326 seconds.
- Loaded All Assemblies, in  0.455 seconds
Native extension for WindowsStandalone target not found
Native extension for Android target not found
Android Extension - Scanning For ADB Devices 322 ms
Mono: successfully reloaded assembly
- Finished resetting the current domain, in  0.733 seconds
Domain Reload Profiling: 1186ms
	BeginReloadAssembly (135ms)
		ExecutionOrderSort (0ms)
		DisableScriptedObjects (0ms)
		BackupInstance (0ms)
		ReleaseScriptingObjects (0ms)
		CreateAndSetChildDomain (1ms)
	RebuildCommonClasses (46ms)
	RebuildNativeTypeToScriptingClass (18ms)
	initialDomainReloadingComplete (79ms)
	LoadAllAssembliesAndSetupDomain (175ms)
		LoadAssemblies (132ms)
		RebuildTransferFunctionScriptingTraits (0ms)
		AnalyzeDomain (172ms)
			TypeCache.Refresh (171ms)
				TypeCache.ScanAssembly (155ms)
			ScanForSourceGeneratedMonoScriptInfo (0ms)
			ResolveRequiredComponents (1ms)
	FinalizeReload (734ms)
		ReleaseScriptCaches (0ms)
		RebuildScriptCaches (0ms)
		SetupLoadedEditorAssemblies (664ms)
			LogAssemblyErrors (0ms)
			InitializePlatformSupportModulesInManaged (463ms)
			SetLoadedEditorAssemblies (3ms)
			RefreshPlugins (0ms)
			BeforeProcessingInitializeOnLoad (2ms)
			ProcessInitializeOnLoadAttributes (136ms)
			ProcessInitializeOnLoadMethodAttributes (60ms)
			AfterProcessingInitializeOnLoad (0ms)
			EditorAssembliesLoaded (0ms)
		ExecutionOrderSort2 (0ms)
		AwakeInstancesAfterBackupRestoration (0ms)
========================================================================
Worker process is ready to serve import requests
Begin MonoManager ReloadAssembly
- Loaded All Assemblies, in  0.825 seconds
Refreshing native plugins compatible for Editor in 19.44 ms, found 12 plugins.
Native extension for WindowsStandalone target not found
Native extension for Android target not found
Package Manager log level set to [2]
[Package Manager] Server::EnsureServerProcessIsRunning -- launch failed, reason: Unity was launched with the -noUpm command-line argument
[Package Manager] UpmClient::Send -- Unable to send message (not connected to UPM process).
[Package Manager] Cannot connect to Unity Package Manager local server
[Package Manager] Server::EnsureServerProcessIsRunning -- launch failed, reason: Unity was launched with the -noUpm command-line argument
[Package Manager] UpmClient::Send -- Unable to send message (not connected to UPM process).
[Package Manager] Cannot connect to Unity Package Manager local server
System.Reflection.TargetInvocationException: Exception has been thrown by the target of an invocation. ---> System.NullReferenceException: Object reference not set to an instance of an object
  at Unity.XR.Oculus.OculusLoader.AssetPathToAbsolutePath (System.String assetPath) [0x00040] in .\Library\PackageCache\com.unity.xr.oculus@4.1.2\Runtime\OculusLoader.cs:287 
  at Unity.XR.Oculus.OculusLoader.EditorLoadOVRPlugin () [0x00084] in .\Library\PackageCache\com.unity.xr.oculus@4.1.2\Runtime\OculusLoader.cs:272 
  at (wrapper managed-to-native) System.Reflection.RuntimeMethodInfo.InternalInvoke(System.Reflection.RuntimeMethodInfo,object,object[],System.Exception&)
  at System.Reflection.RuntimeMethodInfo.Invoke (System.Object obj, System.Reflection.BindingFlags invokeAttr, System.Reflection.Binder binder, System.Object[] parameters, System.Globalization.CultureInfo culture) [0x0006a] in <17d9ce77f27a4bd2afb5ba32c9bea976>:0 
   --- End of inner exception stack trace ---
  at System.Reflection.RuntimeMethodInfo.Invoke (System.Object obj, System.Reflection.BindingFlags invokeAttr, System.Reflection.Binder binder, System.Object[] parameters, System.Globalization.CultureInfo culture) [0x00083] in <17d9ce77f27a4bd2afb5ba32c9bea976>:0 
  at System.Reflection.MethodBase.Invoke (System.Object obj, System.Object[] parameters) [0x00000] in <17d9ce77f27a4bd2afb5ba32c9bea976>:0 
  at UnityEditor.EditorAssemblies.ProcessInitializeOnLoadMethodAttributes () [0x000a5] in <5e6ebaa7d75c4d5399dc81ecead6b43f>:0 
UnityEngine.StackTraceUtility:ExtractStackTrace ()
UnityEngine.DebugLogHandler:LogFormat (UnityEngine.LogType,UnityEngine.Object,string,object[])
UnityEngine.Logger:Log (UnityEngine.LogType,object)
UnityEngine.Debug:LogError (object)
UnityEditor.EditorAssemblies:ProcessInitializeOnLoadMethodAttributes ()

Mono: successfully reloaded assembly
[Package Manager] Server::EnsureServerProcessIsRunning -- launch failed, reason: Unity was launched with the -noUpm command-line argument
[Package Manager] UpmClient::Send -- Unable to send message (not connected to UPM process).
[Package Manager] Cannot connect to Unity Package Manager local server
[Package Manager] Server::EnsureServerProcessIsRunning -- launch failed, reason: Unity was launched with the -noUpm command-line argument
[Package Manager] UpmClient::Send -- Unable to send message (not connected to UPM process).
[Package Manager] Cannot connect to Unity Package Manager local server
- Finished resetting the current domain, in  0.805 seconds
Domain Reload Profiling: 1625ms
	BeginReloadAssembly (184ms)
		ExecutionOrderSort (0ms)
		DisableScriptedObjects (6ms)
		BackupInstance (0ms)
		ReleaseScriptingObjects (0ms)
		CreateAndSetChildDomain (29ms)
	RebuildCommonClasses (44ms)
	RebuildNativeTypeToScriptingClass (15ms)
	initialDomainReloadingComplete (39ms)
	LoadAllAssembliesAndSetupDomain (538ms)
		LoadAssemblies (370ms)
		RebuildTransferFunctionScriptingTraits (0ms)
		AnalyzeDomain (277ms)
			TypeCache.Refresh (236ms)
				TypeCache.ScanAssembly (215ms)
			ScanForSourceGeneratedMonoScriptInfo (29ms)
			ResolveRequiredComponents (9ms)
	FinalizeReload (806ms)
		ReleaseScriptCaches (0ms)
		RebuildScriptCaches (0ms)
		SetupLoadedEditorAssemblies (592ms)
			LogAssemblyErrors (0ms)
			InitializePlatformSupportModulesInManaged (26ms)
			SetLoadedEditorAssemblies (3ms)
			RefreshPlugins (0ms)
			BeforeProcessingInitializeOnLoad (75ms)
			ProcessInitializeOnLoadAttributes (412ms)
			ProcessInitializeOnLoadMethodAttributes (64ms)
			AfterProcessingInitializeOnLoad (12ms)
			EditorAssembliesLoaded (0ms)
		ExecutionOrderSort2 (0ms)
		AwakeInstancesAfterBackupRestoration (8ms)
Launched and connected shader compiler UnityShaderCompiler.exe after 0.05 seconds
Refreshing native plugins compatible for Editor in 19.96 ms, found 12 plugins.
Preloading 1 native plugins for Editor in 0.09 ms.
Unloading 4194 Unused Serialized files (Serialized files now loaded: 0)
Unloading 88 unused Assets / (1.8 MB). Loaded Objects now: 4675.
Memory consumption went from 182.5 MB to 180.7 MB.
Total: 4.158800 ms (FindLiveObjects: 0.395000 ms CreateObjectMapping: 0.313300 ms MarkObjects: 2.971500 ms  DeleteObjects: 0.478000 ms)

AssetImportParameters requested are different than current active one (requested -> active):
  custom:container-demuxer-ogg: 62fdf1f143b41e24485cea50d1cbac27 -> 
  custom:video-decoder-ogg-theora: a1e56fd34408186e4bbccfd4996cb3dc -> 
  custom:framework-win-MediaFoundation: 216162199b28c13a410421893ffa2e32 -> 
  custom:CustomObjectIndexerAttribute: 6d391050e5a25f67b0a2c618074f2cd9 -> 
  custom:container-demuxer-webm: 4f35f7cbe854078d1ac9338744f61a02 -> 
  custom:container-muxer-webm: aa71ff27fc2769a1b78a27578f13a17b -> 
  custom:video-decoder-webm-vp8: 9c59270c3fd7afecdb556c50c9e8de78 -> 
  custom:SearchIndexIgnoredProperties: e643bd26f0fe6173181afceb89e7c659 -> 
  custom:AudioImporter_EditorPlatform: d09bf68614088b80899f8185d706f6e7 -> 
  custom:video-encoder-webm-vp8: eb34c28f22e8b96e1ab97ce403110664 -> 
  custom:audio-decoder-ogg-vorbis: bf7c407c2cedff20999df2af8eb42d56 -> 
  custom:audio-encoder-webm-vorbis: bf7c407c2cedff20999df2af8eb42d56 -> 
========================================================================
Received Import Request.
  Time since last request: 701173.672346 seconds.
  path: Assets/Imports/House Paintings/North House Painting.png
  artifactKey: Guid(9dc4ded864fae944682639467a26bb9d) Importer(815301076,1909f56bfc062723c751e8b465ee728b)
Start importing Assets/Imports/House Paintings/North House Painting.png using Guid(9dc4ded864fae944682639467a26bb9d) Importer(815301076,1909f56bfc062723c751e8b465ee728b)  -> (artifact id: '6a4cd1be208ad119ee444b7c9b0db299') in 0.063886 seconds
Number of updated asset objects reloaded before import = 0
Number of asset objects unloaded after import = 2
========================================================================
Received Import Request.
  Time since last request: 412.357325 seconds.
  path: Assets/BNG Framework/Prefabs/Crate.prefab
  artifactKey: Guid(10c35245ad06ce54889312401eb6fb81) Importer(815301076,1909f56bfc062723c751e8b465ee728b)
Start importing Assets/BNG Framework/Prefabs/Crate.prefab using Guid(10c35245ad06ce54889312401eb6fb81) Importer(815301076,1909f56bfc062723c751e8b465ee728b)  -> (artifact id: '32d2fcb0cfe0b10604e90db135908f16') in 0.076900 seconds
Number of updated asset objects reloaded before import = 0
Number of asset objects unloaded after import = 259
========================================================================
Received Import Request.
  Time since last request: 0.000018 seconds.
  path: Assets/BNG Framework/Prefabs/CrateWithItem.prefab
  artifactKey: Guid(c3261c423b4b0fe43a9287b69d34e029) Importer(815301076,1909f56bfc062723c751e8b465ee728b)
Start importing Assets/BNG Framework/Prefabs/CrateWithItem.prefab using Guid(c3261c423b4b0fe43a9287b69d34e029) Importer(815301076,1909f56bfc062723c751e8b465ee728b)  -> (artifact id: '23dd66a8cceffaf8379affde158b99e9') in 0.051699 seconds
Number of updated asset objects reloaded before import = 0
Number of asset objects unloaded after import = 350
========================================================================
Received Import Request.
  Time since last request: 0.211231 seconds.
  path: Assets/BNG Framework/Prefabs/VehicleExample.prefab
  artifactKey: Guid(4fe64847736fa8042a9d992e31d646b4) Importer(815301076,1909f56bfc062723c751e8b465ee728b)
Start importing Assets/BNG Framework/Prefabs/VehicleExample.prefab using Guid(4fe64847736fa8042a9d992e31d646b4) Importer(815301076,1909f56bfc062723c751e8b465ee728b)  -> (artifact id: 'c235954974b07acb9f7cd07a9905ec34') in 0.158591 seconds
Number of updated asset objects reloaded before import = 0
Number of asset objects unloaded after import = 1027
========================================================================
Received Import Request.
  Time since last request: 0.000019 seconds.
  path: Assets/BNG Framework/Prefabs/VehicleExample_Mini.prefab
  artifactKey: Guid(b0550f8ced5444544a791898a0382fb0) Importer(815301076,1909f56bfc062723c751e8b465ee728b)
Start importing Assets/BNG Framework/Prefabs/VehicleExample_Mini.prefab using Guid(b0550f8ced5444544a791898a0382fb0) Importer(815301076,1909f56bfc062723c751e8b465ee728b)  -> (artifact id: 'b41be63503625f31337bd3c7cbc1f887') in 0.041420 seconds
Number of updated asset objects reloaded before import = 0
Number of asset objects unloaded after import = 967
========================================================================
Received Import Request.
  Time since last request: 906.975371 seconds.
  path: Assets/Imports/PolygonDungeon/Models/SM_Item_Shrunken_Head.fbx
  artifactKey: Guid(e9c01370346029d48a638f2281c64072) Importer(815301076,1909f56bfc062723c751e8b465ee728b)
Start importing Assets/Imports/PolygonDungeon/Models/SM_Item_Shrunken_Head.fbx using Guid(e9c01370346029d48a638f2281c64072) Importer(815301076,1909f56bfc062723c751e8b465ee728b)  -> (artifact id: '4ee39ed08eabbfe29d74864d57f16ce3') in 0.068241 seconds
Number of updated asset objects reloaded before import = 0
Number of asset objects unloaded after import = 9
========================================================================
Received Import Request.
  Time since last request: 0.000049 seconds.
  path: Assets/Imports/PolygonDungeon/Models/SM_Item_Bag_Large.fbx
  artifactKey: Guid(f18ed0b3eceea0d4cbd303545a944848) Importer(815301076,1909f56bfc062723c751e8b465ee728b)
Start importing Assets/Imports/PolygonDungeon/Models/SM_Item_Bag_Large.fbx using Guid(f18ed0b3eceea0d4cbd303545a944848) Importer(815301076,1909f56bfc062723c751e8b465ee728b)  -> (artifact id: 'db988df8ff42cc57acffd184aa8d622c') in 0.021458 seconds
Number of updated asset objects reloaded before import = 0
Number of asset objects unloaded after import = 9
========================================================================
Received Import Request.
  Time since last request: 0.000018 seconds.
  path: Assets/Imports/PolygonDungeon/Models/SM_Item_Bones.fbx
  artifactKey: Guid(23e6dc9158cc20e4c896d8dc3f145dbb) Importer(815301076,1909f56bfc062723c751e8b465ee728b)
Start importing Assets/Imports/PolygonDungeon/Models/SM_Item_Bones.fbx using Guid(23e6dc9158cc20e4c896d8dc3f145dbb) Importer(815301076,1909f56bfc062723c751e8b465ee728b)  -> (artifact id: '4692d6c1b85609e22f2a92e79d093dda') in 0.022000 seconds
Number of updated asset objects reloaded before import = 0
Number of asset objects unloaded after import = 9
========================================================================
Received Import Request.
  Time since last request: 0.000023 seconds.
  path: Assets/Imports/PolygonDungeon/Models/SM_Item_Bags.fbx
  artifactKey: Guid(35b5bfec1350dbd4bb1de6dbc4a9c5f8) Importer(815301076,1909f56bfc062723c751e8b465ee728b)
Start importing Assets/Imports/PolygonDungeon/Models/SM_Item_Bags.fbx using Guid(35b5bfec1350dbd4bb1de6dbc4a9c5f8) Importer(815301076,1909f56bfc062723c751e8b465ee728b)  -> (artifact id: '1a7960b5ca422f865711ef7d0243bf0b') in 0.021273 seconds
Number of updated asset objects reloaded before import = 0
Number of asset objects unloaded after import = 9
Editor requested this worker to shutdown with reason: Scaling down because of idle timeout
TcpMessagingSession - receive error: operation aborted. errorcode: 995, details: Der E/A-Vorgang wurde wegen eines Threadendes oder einer Anwendungsanforderung abgebrochen.
AssetImportWorker is now disconnected from the server
Process exiting
Exiting without the bug reporter. Application will terminate with return code 0