Using pre-set license
Built from '2022.3/staging' branch; Version is '2022.3.17f1 (4fc78088f837) revision 5228416'; Using compiler version '192829333'; Build Type 'Release'
OS: 'Windows 11  (10.0.22631) 64bit Professional' Language: 'de' Physical Memory: 32703 MB
BatchMode: 1, IsHumanControllingUs: 0, StartBugReporterOnCrash: 0, Is64bit: 1, IsPro: 1

COMMAND LINE ARGUMENTS:
C:\Program Files\Unity\Hub\Editor\2022.3.17f1\Editor\Unity.exe
-adb2
-batchMode
-noUpm
-name
AssetImportWorker15
-projectPath
C:/Users/Manqoolat/Desktop/Palace_Of_Escape_new/Palace_Of_Escape_new
-logFile
Logs/AssetImportWorker15.log
-srvPort
57810
Successfully changed project path to: C:/Users/Manqoolat/Desktop/Palace_Of_Escape_new/Palace_Of_Escape_new
C:/Users/Manqoolat/Desktop/Palace_Of_Escape_new/Palace_Of_Escape_new
[UnityMemory] Configuration Parameters - Can be set up in boot.config
    "memorysetup-bucket-allocator-granularity=16"
    "memorysetup-bucket-allocator-bucket-count=8"
    "memorysetup-bucket-allocator-block-size=33554432"
    "memorysetup-bucket-allocator-block-count=8"
    "memorysetup-main-allocator-block-size=16777216"
    "memorysetup-thread-allocator-block-size=16777216"
    "memorysetup-gfx-main-allocator-block-size=16777216"
    "memorysetup-gfx-thread-allocator-block-size=16777216"
    "memorysetup-cache-allocator-block-size=4194304"
    "memorysetup-typetree-allocator-block-size=2097152"
    "memorysetup-profiler-bucket-allocator-granularity=16"
    "memorysetup-profiler-bucket-allocator-bucket-count=8"
    "memorysetup-profiler-bucket-allocator-block-size=33554432"
    "memorysetup-profiler-bucket-allocator-block-count=8"
    "memorysetup-profiler-allocator-block-size=16777216"
    "memorysetup-profiler-editor-allocator-block-size=1048576"
    "memorysetup-temp-allocator-size-main=16777216"
    "memorysetup-job-temp-allocator-block-size=2097152"
    "memorysetup-job-temp-allocator-block-size-background=1048576"
    "memorysetup-job-temp-allocator-reduction-small-platforms=262144"
    "memorysetup-allocator-temp-initial-block-size-main=262144"
    "memorysetup-allocator-temp-initial-block-size-worker=262144"
    "memorysetup-temp-allocator-size-background-worker=32768"
    "memorysetup-temp-allocator-size-job-worker=262144"
    "memorysetup-temp-allocator-size-preload-manager=33554432"
    "memorysetup-temp-allocator-size-nav-mesh-worker=65536"
    "memorysetup-temp-allocator-size-audio-worker=65536"
    "memorysetup-temp-allocator-size-cloud-worker=32768"
    "memorysetup-temp-allocator-size-gi-baking-worker=262144"
    "memorysetup-temp-allocator-size-gfx=262144"
Player connection [3552] Host "[IP] 192.168.1.31 [Port] 0 [Flags] 2 [Guid] 4226329243 [EditorId] 4226329243 [Version] 1048832 [Id] WindowsEditor(7,DESKTOP-6BBG85C) [Debug] 1 [PackageName] WindowsEditor [ProjectName] Editor" joined multi-casting on [225.0.0.222:54997]...

Player connection [3552] Host "[IP] 192.168.1.31 [Port] 0 [Flags] 2 [Guid] 4226329243 [EditorId] 4226329243 [Version] 1048832 [Id] WindowsEditor(7,DESKTOP-6BBG85C) [Debug] 1 [PackageName] WindowsEditor [ProjectName] Editor" joined alternative multi-casting on [225.0.0.222:34997]...

[Physics::Module] Initialized MultithreadedJobDispatcher with 15 workers.
Refreshing native plugins compatible for Editor in 1774.09 ms, found 12 plugins.
Preloading 1 native plugins for Editor in 0.55 ms.
Initialize engine version: 2022.3.17f1 (4fc78088f837)
[Subsystems] Discovering subsystems at path C:/Program Files/Unity/Hub/Editor/2022.3.17f1/Editor/Data/Resources/UnitySubsystems
[Subsystems] Discovering subsystems at path C:/Users/Manqoolat/Desktop/Palace_Of_Escape_new/Palace_Of_Escape_new/Assets
GfxDevice: creating device client; threaded=0; jobified=0
Direct3D:
    Version:  Direct3D 11.0 [level 11.1]
    Renderer: NVIDIA GeForce RTX 2080 SUPER (ID=0x1e81)
    Vendor:   NVIDIA
    VRAM:     8001 MB
    Driver:   31.0.15.3598
Initialize mono
Mono path[0] = 'C:/Program Files/Unity/Hub/Editor/2022.3.17f1/Editor/Data/Managed'
Mono path[1] = 'C:/Program Files/Unity/Hub/Editor/2022.3.17f1/Editor/Data/MonoBleedingEdge/lib/mono/unityjit-win32'
Mono config path = 'C:/Program Files/Unity/Hub/Editor/2022.3.17f1/Editor/Data/MonoBleedingEdge/etc'
Using monoOptions --debugger-agent=transport=dt_socket,embedding=1,server=y,suspend=n,address=127.0.0.1:56768
Begin MonoManager ReloadAssembly
Registering precompiled unity dll's ...
Register platform support module: C:/Program Files/Unity/Hub/Editor/2022.3.17f1/Editor/Data/PlaybackEngines/AndroidPlayer/UnityEditor.Android.Extensions.dll
Register platform support module: C:/Program Files/Unity/Hub/Editor/2022.3.17f1/Editor/Data/PlaybackEngines/WindowsStandaloneSupport/UnityEditor.WindowsStandalone.Extensions.dll
Registered in 0.236769 seconds.
- Loaded All Assemblies, in  5.490 seconds
Native extension for WindowsStandalone target not found
Native extension for Android target not found
Android Extension - Scanning For ADB Devices 364 ms
Mono: successfully reloaded assembly
- Finished resetting the current domain, in  0.764 seconds
Domain Reload Profiling: 6253ms
	BeginReloadAssembly (3779ms)
		ExecutionOrderSort (0ms)
		DisableScriptedObjects (0ms)
		BackupInstance (0ms)
		ReleaseScriptingObjects (0ms)
		CreateAndSetChildDomain (1ms)
	RebuildCommonClasses (333ms)
	RebuildNativeTypeToScriptingClass (10ms)
	initialDomainReloadingComplete (283ms)
	LoadAllAssembliesAndSetupDomain (1083ms)
		LoadAssemblies (3777ms)
		RebuildTransferFunctionScriptingTraits (0ms)
		AnalyzeDomain (1081ms)
			TypeCache.Refresh (1080ms)
				TypeCache.ScanAssembly (871ms)
			ScanForSourceGeneratedMonoScriptInfo (0ms)
			ResolveRequiredComponents (0ms)
	FinalizeReload (765ms)
		ReleaseScriptCaches (0ms)
		RebuildScriptCaches (0ms)
		SetupLoadedEditorAssemblies (716ms)
			LogAssemblyErrors (0ms)
			InitializePlatformSupportModulesInManaged (565ms)
			SetLoadedEditorAssemblies (3ms)
			RefreshPlugins (0ms)
			BeforeProcessingInitializeOnLoad (2ms)
			ProcessInitializeOnLoadAttributes (98ms)
			ProcessInitializeOnLoadMethodAttributes (48ms)
			AfterProcessingInitializeOnLoad (0ms)
			EditorAssembliesLoaded (0ms)
		ExecutionOrderSort2 (0ms)
		AwakeInstancesAfterBackupRestoration (0ms)
========================================================================
Worker process is ready to serve import requests
Begin MonoManager ReloadAssembly
- Loaded All Assemblies, in  6.245 seconds
Refreshing native plugins compatible for Editor in 16.73 ms, found 12 plugins.
Native extension for WindowsStandalone target not found
Native extension for Android target not found
Package Manager log level set to [2]
[Package Manager] Server::EnsureServerProcessIsRunning -- launch failed, reason: Unity was launched with the -noUpm command-line argument
[Package Manager] UpmClient::Send -- Unable to send message (not connected to UPM process).
[Package Manager] Cannot connect to Unity Package Manager local server
[Package Manager] Server::EnsureServerProcessIsRunning -- launch failed, reason: Unity was launched with the -noUpm command-line argument
[Package Manager] UpmClient::Send -- Unable to send message (not connected to UPM process).
[Package Manager] Cannot connect to Unity Package Manager local server
System.Reflection.TargetInvocationException: Exception has been thrown by the target of an invocation. ---> System.NullReferenceException: Object reference not set to an instance of an object
  at Unity.XR.Oculus.OculusLoader.AssetPathToAbsolutePath (System.String assetPath) [0x00040] in .\Library\PackageCache\com.unity.xr.oculus@4.1.2\Runtime\OculusLoader.cs:287 
  at Unity.XR.Oculus.OculusLoader.EditorLoadOVRPlugin () [0x00084] in .\Library\PackageCache\com.unity.xr.oculus@4.1.2\Runtime\OculusLoader.cs:272 
  at (wrapper managed-to-native) System.Reflection.RuntimeMethodInfo.InternalInvoke(System.Reflection.RuntimeMethodInfo,object,object[],System.Exception&)
  at System.Reflection.RuntimeMethodInfo.Invoke (System.Object obj, System.Reflection.BindingFlags invokeAttr, System.Reflection.Binder binder, System.Object[] parameters, System.Globalization.CultureInfo culture) [0x0006a] in <17d9ce77f27a4bd2afb5ba32c9bea976>:0 
   --- End of inner exception stack trace ---
  at System.Reflection.RuntimeMethodInfo.Invoke (System.Object obj, System.Reflection.BindingFlags invokeAttr, System.Reflection.Binder binder, System.Object[] parameters, System.Globalization.CultureInfo culture) [0x00083] in <17d9ce77f27a4bd2afb5ba32c9bea976>:0 
  at System.Reflection.MethodBase.Invoke (System.Object obj, System.Object[] parameters) [0x00000] in <17d9ce77f27a4bd2afb5ba32c9bea976>:0 
  at UnityEditor.EditorAssemblies.ProcessInitializeOnLoadMethodAttributes () [0x000a5] in <5e6ebaa7d75c4d5399dc81ecead6b43f>:0 
UnityEngine.StackTraceUtility:ExtractStackTrace ()
UnityEngine.DebugLogHandler:LogFormat (UnityEngine.LogType,UnityEngine.Object,string,object[])
UnityEngine.Logger:Log (UnityEngine.LogType,object)
UnityEngine.Debug:LogError (object)
UnityEditor.EditorAssemblies:ProcessInitializeOnLoadMethodAttributes ()

Mono: successfully reloaded assembly
[Package Manager] Server::EnsureServerProcessIsRunning -- launch failed, reason: Unity was launched with the -noUpm command-line argument
[Package Manager] UpmClient::Send -- Unable to send message (not connected to UPM process).
[Package Manager] Cannot connect to Unity Package Manager local server
[Package Manager] Server::EnsureServerProcessIsRunning -- launch failed, reason: Unity was launched with the -noUpm command-line argument
[Package Manager] UpmClient::Send -- Unable to send message (not connected to UPM process).
[Package Manager] Cannot connect to Unity Package Manager local server
- Finished resetting the current domain, in  0.698 seconds
Domain Reload Profiling: 6939ms
	BeginReloadAssembly (148ms)
		ExecutionOrderSort (0ms)
		DisableScriptedObjects (4ms)
		BackupInstance (0ms)
		ReleaseScriptingObjects (0ms)
		CreateAndSetChildDomain (19ms)
	RebuildCommonClasses (32ms)
	RebuildNativeTypeToScriptingClass (10ms)
	initialDomainReloadingComplete (29ms)
	LoadAllAssembliesAndSetupDomain (6022ms)
		LoadAssemblies (5443ms)
		RebuildTransferFunctionScriptingTraits (0ms)
		AnalyzeDomain (666ms)
			TypeCache.Refresh (636ms)
				TypeCache.ScanAssembly (578ms)
			ScanForSourceGeneratedMonoScriptInfo (22ms)
			ResolveRequiredComponents (7ms)
	FinalizeReload (699ms)
		ReleaseScriptCaches (0ms)
		RebuildScriptCaches (0ms)
		SetupLoadedEditorAssemblies (529ms)
			LogAssemblyErrors (0ms)
			InitializePlatformSupportModulesInManaged (27ms)
			SetLoadedEditorAssemblies (3ms)
			RefreshPlugins (0ms)
			BeforeProcessingInitializeOnLoad (70ms)
			ProcessInitializeOnLoadAttributes (356ms)
			ProcessInitializeOnLoadMethodAttributes (65ms)
			AfterProcessingInitializeOnLoad (8ms)
			EditorAssembliesLoaded (0ms)
		ExecutionOrderSort2 (0ms)
		AwakeInstancesAfterBackupRestoration (6ms)
Launched and connected shader compiler UnityShaderCompiler.exe after 0.06 seconds
Refreshing native plugins compatible for Editor in 17.60 ms, found 12 plugins.
Preloading 1 native plugins for Editor in 0.06 ms.
Unloading 4188 Unused Serialized files (Serialized files now loaded: 0)
Unloading 88 unused Assets / (1.8 MB). Loaded Objects now: 4669.
Memory consumption went from 182.4 MB to 180.6 MB.
Total: 3.940700 ms (FindLiveObjects: 0.337900 ms CreateObjectMapping: 0.221600 ms MarkObjects: 2.837300 ms  DeleteObjects: 0.543100 ms)

AssetImportParameters requested are different than current active one (requested -> active):
  custom:container-demuxer-ogg: 62fdf1f143b41e24485cea50d1cbac27 -> 
  custom:video-decoder-ogg-theora: a1e56fd34408186e4bbccfd4996cb3dc -> 
  custom:framework-win-MediaFoundation: 216162199b28c13a410421893ffa2e32 -> 
  custom:CustomObjectIndexerAttribute: 6d391050e5a25f67b0a2c618074f2cd9 -> 
  custom:container-demuxer-webm: 4f35f7cbe854078d1ac9338744f61a02 -> 
  custom:container-muxer-webm: aa71ff27fc2769a1b78a27578f13a17b -> 
  custom:video-decoder-webm-vp8: 9c59270c3fd7afecdb556c50c9e8de78 -> 
  custom:SearchIndexIgnoredProperties: e643bd26f0fe6173181afceb89e7c659 -> 
  custom:AudioImporter_EditorPlatform: d09bf68614088b80899f8185d706f6e7 -> 
  custom:video-encoder-webm-vp8: eb34c28f22e8b96e1ab97ce403110664 -> 
  custom:audio-decoder-ogg-vorbis: bf7c407c2cedff20999df2af8eb42d56 -> 
  custom:audio-encoder-webm-vorbis: bf7c407c2cedff20999df2af8eb42d56 -> 
========================================================================
Received Import Request.
  Time since last request: 671037.919999 seconds.
  path: Assets/Tarbo-CITY-TrafficLights/Textures/emit.png
  artifactKey: Guid(86b18d9b4ae36a9429307ac5ad15310a) Importer(815301076,1909f56bfc062723c751e8b465ee728b)
Start importing Assets/Tarbo-CITY-TrafficLights/Textures/emit.png using Guid(86b18d9b4ae36a9429307ac5ad15310a) Importer(815301076,1909f56bfc062723c751e8b465ee728b)  -> (artifact id: 'b93791fa2495643a09b2d1f8ecf6cff8') in 0.085863 seconds
Number of updated asset objects reloaded before import = 0
Number of asset objects unloaded after import = 2
========================================================================
Received Import Request.
  Time since last request: 43.204637 seconds.
  path: Assets/Imports/ModularLowpolyStreetsFree/Prefabs/Other
  artifactKey: Guid(ab3b11ceea5fb494eada90470eca9906) Importer(815301076,1909f56bfc062723c751e8b465ee728b)
Start importing Assets/Imports/ModularLowpolyStreetsFree/Prefabs/Other using Guid(ab3b11ceea5fb494eada90470eca9906) Importer(815301076,1909f56bfc062723c751e8b465ee728b)  -> (artifact id: '8560615b8eba7425abdb52ae72af177b') in 0.000697 seconds
Number of updated asset objects reloaded before import = 0
Number of asset objects unloaded after import = 0
========================================================================
Received Import Request.
  Time since last request: 0.166218 seconds.
  path: Assets/Imports/ModularLowpolyStreetsFree/Prefabs/Other/Bench_1.prefab
  artifactKey: Guid(f3e46b4b7b1590a4c87983b3645c9a49) Importer(815301076,1909f56bfc062723c751e8b465ee728b)
Start importing Assets/Imports/ModularLowpolyStreetsFree/Prefabs/Other/Bench_1.prefab using Guid(f3e46b4b7b1590a4c87983b3645c9a49) Importer(815301076,1909f56bfc062723c751e8b465ee728b)  -> (artifact id: 'b4ab74bcc3ad2ad9c3e297a2ab4d0c3a') in 0.109814 seconds
Number of updated asset objects reloaded before import = 0
Number of asset objects unloaded after import = 14
========================================================================
Received Import Request.
  Time since last request: 0.000041 seconds.
  path: Assets/Imports/ModularLowpolyStreetsFree/Prefabs/Other/Pole_traffic_light.prefab
  artifactKey: Guid(d037f104ae100f4419eba5cca18510ff) Importer(815301076,1909f56bfc062723c751e8b465ee728b)
Start importing Assets/Imports/ModularLowpolyStreetsFree/Prefabs/Other/Pole_traffic_light.prefab using Guid(d037f104ae100f4419eba5cca18510ff) Importer(815301076,1909f56bfc062723c751e8b465ee728b)  -> (artifact id: '169632f9afd4a2ead6954545e238fbfe') in 0.145042 seconds
Number of updated asset objects reloaded before import = 0
Number of asset objects unloaded after import = 179
========================================================================
Received Import Request.
  Time since last request: 0.000017 seconds.
  path: Assets/Imports/ModularLowpolyStreetsFree/Prefabs/Other/Traffic_light.prefab
  artifactKey: Guid(900f03829bb8941428e9260f447d5fba) Importer(815301076,1909f56bfc062723c751e8b465ee728b)
Start importing Assets/Imports/ModularLowpolyStreetsFree/Prefabs/Other/Traffic_light.prefab using Guid(900f03829bb8941428e9260f447d5fba) Importer(815301076,1909f56bfc062723c751e8b465ee728b)  -> (artifact id: '8e8ec6177ab7df5c9ebc1ba7ac6a7dba') in 0.014173 seconds
Number of updated asset objects reloaded before import = 0
Number of asset objects unloaded after import = 68
========================================================================
Received Import Request.
  Time since last request: 0.000024 seconds.
  path: Assets/Imports/ModularLowpolyStreetsFree/Prefabs/Other/Sewer_grill.prefab
  artifactKey: Guid(1d16f3802fbd9ae488e8ddc41eea5b42) Importer(815301076,1909f56bfc062723c751e8b465ee728b)
Start importing Assets/Imports/ModularLowpolyStreetsFree/Prefabs/Other/Sewer_grill.prefab using Guid(1d16f3802fbd9ae488e8ddc41eea5b42) Importer(815301076,1909f56bfc062723c751e8b465ee728b)  -> (artifact id: '5517a3113f3369f7c0571e5b1ef04e36') in 0.031494 seconds
Number of updated asset objects reloaded before import = 0
Number of asset objects unloaded after import = 11
========================================================================
Received Import Request.
  Time since last request: 0.000018 seconds.
  path: Assets/Imports/ModularLowpolyStreetsFree/Prefabs/Other/Trash_can_1.prefab
  artifactKey: Guid(5621aa4915c640b4da9c0a273c74e932) Importer(815301076,1909f56bfc062723c751e8b465ee728b)
Start importing Assets/Imports/ModularLowpolyStreetsFree/Prefabs/Other/Trash_can_1.prefab using Guid(5621aa4915c640b4da9c0a273c74e932) Importer(815301076,1909f56bfc062723c751e8b465ee728b)  -> (artifact id: '66015d9c0638957a23e7a50189f08544') in 0.030526 seconds
Number of updated asset objects reloaded before import = 0
Number of asset objects unloaded after import = 14
========================================================================
Received Import Request.
  Time since last request: 0.000016 seconds.
  path: Assets/Imports/ModularLowpolyStreetsFree/Prefabs/Other/Traffic_cone.prefab
  artifactKey: Guid(f14800a72eef93b4b8f9e5abc3844f0d) Importer(815301076,1909f56bfc062723c751e8b465ee728b)
Start importing Assets/Imports/ModularLowpolyStreetsFree/Prefabs/Other/Traffic_cone.prefab using Guid(f14800a72eef93b4b8f9e5abc3844f0d) Importer(815301076,1909f56bfc062723c751e8b465ee728b)  -> (artifact id: 'e6c676625c6adb875f6702717e390ed5') in 0.025905 seconds
Number of updated asset objects reloaded before import = 0
Number of asset objects unloaded after import = 13
Editor requested this worker to shutdown with reason: Scaling down because of idle timeout
TcpMessagingSession - receive error: operation aborted. errorcode: 995, details: Der E/A-Vorgang wurde wegen eines Threadendes oder einer Anwendungsanforderung abgebrochen.
AssetImportWorker is now disconnected from the server
Process exiting
Exiting without the bug reporter. Application will terminate with return code 0