Using pre-set license
Built from '2022.3/staging' branch; Version is '2022.3.17f1 (4fc78088f837) revision 5228416'; Using compiler version '192829333'; Build Type 'Release'
OS: 'Windows 11  (10.0.22631) 64bit Professional' Language: 'de' Physical Memory: 32703 MB
BatchMode: 1, IsHumanControllingUs: 0, StartBugReporterOnCrash: 0, Is64bit: 1, IsPro: 1

COMMAND LINE ARGUMENTS:
C:\Program Files\Unity\Hub\Editor\2022.3.17f1\Editor\Unity.exe
-adb2
-batchMode
-noUpm
-name
AssetImportWorker8
-projectPath
C:/Users/Manqoolat/Desktop/Palace_Of_Escape_new/Palace_Of_Escape_new
-logFile
Logs/AssetImportWorker8.log
-srvPort
57810
Successfully changed project path to: C:/Users/Manqoolat/Desktop/Palace_Of_Escape_new/Palace_Of_Escape_new
C:/Users/Manqoolat/Desktop/Palace_Of_Escape_new/Palace_Of_Escape_new
[UnityMemory] Configuration Parameters - Can be set up in boot.config
    "memorysetup-bucket-allocator-granularity=16"
    "memorysetup-bucket-allocator-bucket-count=8"
    "memorysetup-bucket-allocator-block-size=33554432"
    "memorysetup-bucket-allocator-block-count=8"
    "memorysetup-main-allocator-block-size=16777216"
    "memorysetup-thread-allocator-block-size=16777216"
    "memorysetup-gfx-main-allocator-block-size=16777216"
    "memorysetup-gfx-thread-allocator-block-size=16777216"
    "memorysetup-cache-allocator-block-size=4194304"
    "memorysetup-typetree-allocator-block-size=2097152"
    "memorysetup-profiler-bucket-allocator-granularity=16"
    "memorysetup-profiler-bucket-allocator-bucket-count=8"
    "memorysetup-profiler-bucket-allocator-block-size=33554432"
    "memorysetup-profiler-bucket-allocator-block-count=8"
    "memorysetup-profiler-allocator-block-size=16777216"
    "memorysetup-profiler-editor-allocator-block-size=1048576"
    "memorysetup-temp-allocator-size-main=16777216"
    "memorysetup-job-temp-allocator-block-size=2097152"
    "memorysetup-job-temp-allocator-block-size-background=1048576"
    "memorysetup-job-temp-allocator-reduction-small-platforms=262144"
    "memorysetup-allocator-temp-initial-block-size-main=262144"
    "memorysetup-allocator-temp-initial-block-size-worker=262144"
    "memorysetup-temp-allocator-size-background-worker=32768"
    "memorysetup-temp-allocator-size-job-worker=262144"
    "memorysetup-temp-allocator-size-preload-manager=33554432"
    "memorysetup-temp-allocator-size-nav-mesh-worker=65536"
    "memorysetup-temp-allocator-size-audio-worker=65536"
    "memorysetup-temp-allocator-size-cloud-worker=32768"
    "memorysetup-temp-allocator-size-gi-baking-worker=262144"
    "memorysetup-temp-allocator-size-gfx=262144"
Player connection [21008] Host "[IP] 192.168.1.31 [Port] 0 [Flags] 2 [Guid] 2770783265 [EditorId] 2770783265 [Version] 1048832 [Id] WindowsEditor(7,DESKTOP-6BBG85C) [Debug] 1 [PackageName] WindowsEditor [ProjectName] Editor" joined multi-casting on [225.0.0.222:54997]...

Player connection [21008] Host "[IP] 192.168.1.31 [Port] 0 [Flags] 2 [Guid] 2770783265 [EditorId] 2770783265 [Version] 1048832 [Id] WindowsEditor(7,DESKTOP-6BBG85C) [Debug] 1 [PackageName] WindowsEditor [ProjectName] Editor" joined alternative multi-casting on [225.0.0.222:34997]...

[Physics::Module] Initialized MultithreadedJobDispatcher with 15 workers.
Refreshing native plugins compatible for Editor in 22.75 ms, found 12 plugins.
Preloading 1 native plugins for Editor in 0.49 ms.
Initialize engine version: 2022.3.17f1 (4fc78088f837)
[Subsystems] Discovering subsystems at path C:/Program Files/Unity/Hub/Editor/2022.3.17f1/Editor/Data/Resources/UnitySubsystems
[Subsystems] Discovering subsystems at path C:/Users/Manqoolat/Desktop/Palace_Of_Escape_new/Palace_Of_Escape_new/Assets
GfxDevice: creating device client; threaded=0; jobified=0
Direct3D:
    Version:  Direct3D 11.0 [level 11.1]
    Renderer: NVIDIA GeForce RTX 2080 SUPER (ID=0x1e81)
    Vendor:   NVIDIA
    VRAM:     8001 MB
    Driver:   31.0.15.3598
Initialize mono
Mono path[0] = 'C:/Program Files/Unity/Hub/Editor/2022.3.17f1/Editor/Data/Managed'
Mono path[1] = 'C:/Program Files/Unity/Hub/Editor/2022.3.17f1/Editor/Data/MonoBleedingEdge/lib/mono/unityjit-win32'
Mono config path = 'C:/Program Files/Unity/Hub/Editor/2022.3.17f1/Editor/Data/MonoBleedingEdge/etc'
Using monoOptions --debugger-agent=transport=dt_socket,embedding=1,server=y,suspend=n,address=127.0.0.1:56940
Begin MonoManager ReloadAssembly
Registering precompiled unity dll's ...
Register platform support module: C:/Program Files/Unity/Hub/Editor/2022.3.17f1/Editor/Data/PlaybackEngines/AndroidPlayer/UnityEditor.Android.Extensions.dll
Register platform support module: C:/Program Files/Unity/Hub/Editor/2022.3.17f1/Editor/Data/PlaybackEngines/WindowsStandaloneSupport/UnityEditor.WindowsStandalone.Extensions.dll
Registered in 0.009354 seconds.
- Loaded All Assemblies, in  0.327 seconds
Native extension for WindowsStandalone target not found
Native extension for Android target not found
Android Extension - Scanning For ADB Devices 220 ms
Mono: successfully reloaded assembly
- Finished resetting the current domain, in  0.513 seconds
Domain Reload Profiling: 839ms
	BeginReloadAssembly (95ms)
		ExecutionOrderSort (0ms)
		DisableScriptedObjects (0ms)
		BackupInstance (0ms)
		ReleaseScriptingObjects (0ms)
		CreateAndSetChildDomain (1ms)
	RebuildCommonClasses (30ms)
	RebuildNativeTypeToScriptingClass (10ms)
	initialDomainReloadingComplete (55ms)
	LoadAllAssembliesAndSetupDomain (135ms)
		LoadAssemblies (94ms)
		RebuildTransferFunctionScriptingTraits (0ms)
		AnalyzeDomain (133ms)
			TypeCache.Refresh (132ms)
				TypeCache.ScanAssembly (120ms)
			ScanForSourceGeneratedMonoScriptInfo (0ms)
			ResolveRequiredComponents (0ms)
	FinalizeReload (514ms)
		ReleaseScriptCaches (0ms)
		RebuildScriptCaches (0ms)
		SetupLoadedEditorAssemblies (465ms)
			LogAssemblyErrors (0ms)
			InitializePlatformSupportModulesInManaged (328ms)
			SetLoadedEditorAssemblies (3ms)
			RefreshPlugins (0ms)
			BeforeProcessingInitializeOnLoad (2ms)
			ProcessInitializeOnLoadAttributes (94ms)
			ProcessInitializeOnLoadMethodAttributes (39ms)
			AfterProcessingInitializeOnLoad (0ms)
			EditorAssembliesLoaded (0ms)
		ExecutionOrderSort2 (0ms)
		AwakeInstancesAfterBackupRestoration (0ms)
========================================================================
Worker process is ready to serve import requests
Begin MonoManager ReloadAssembly
- Loaded All Assemblies, in  0.593 seconds
Refreshing native plugins compatible for Editor in 18.22 ms, found 12 plugins.
Native extension for WindowsStandalone target not found
Native extension for Android target not found
Package Manager log level set to [2]
[Package Manager] Server::EnsureServerProcessIsRunning -- launch failed, reason: Unity was launched with the -noUpm command-line argument
[Package Manager] UpmClient::Send -- Unable to send message (not connected to UPM process).
[Package Manager] Cannot connect to Unity Package Manager local server
[Package Manager] Server::EnsureServerProcessIsRunning -- launch failed, reason: Unity was launched with the -noUpm command-line argument
[Package Manager] UpmClient::Send -- Unable to send message (not connected to UPM process).
[Package Manager] Cannot connect to Unity Package Manager local server
System.Reflection.TargetInvocationException: Exception has been thrown by the target of an invocation. ---> System.NullReferenceException: Object reference not set to an instance of an object
  at Unity.XR.Oculus.OculusLoader.AssetPathToAbsolutePath (System.String assetPath) [0x00040] in .\Library\PackageCache\com.unity.xr.oculus@4.1.2\Runtime\OculusLoader.cs:287 
  at Unity.XR.Oculus.OculusLoader.EditorLoadOVRPlugin () [0x00084] in .\Library\PackageCache\com.unity.xr.oculus@4.1.2\Runtime\OculusLoader.cs:272 
  at (wrapper managed-to-native) System.Reflection.RuntimeMethodInfo.InternalInvoke(System.Reflection.RuntimeMethodInfo,object,object[],System.Exception&)
  at System.Reflection.RuntimeMethodInfo.Invoke (System.Object obj, System.Reflection.BindingFlags invokeAttr, System.Reflection.Binder binder, System.Object[] parameters, System.Globalization.CultureInfo culture) [0x0006a] in <17d9ce77f27a4bd2afb5ba32c9bea976>:0 
   --- End of inner exception stack trace ---
  at System.Reflection.RuntimeMethodInfo.Invoke (System.Object obj, System.Reflection.BindingFlags invokeAttr, System.Reflection.Binder binder, System.Object[] parameters, System.Globalization.CultureInfo culture) [0x00083] in <17d9ce77f27a4bd2afb5ba32c9bea976>:0 
  at System.Reflection.MethodBase.Invoke (System.Object obj, System.Object[] parameters) [0x00000] in <17d9ce77f27a4bd2afb5ba32c9bea976>:0 
  at UnityEditor.EditorAssemblies.ProcessInitializeOnLoadMethodAttributes () [0x000a5] in <5e6ebaa7d75c4d5399dc81ecead6b43f>:0 
UnityEngine.StackTraceUtility:ExtractStackTrace ()
UnityEngine.DebugLogHandler:LogFormat (UnityEngine.LogType,UnityEngine.Object,string,object[])
UnityEngine.Logger:Log (UnityEngine.LogType,object)
UnityEngine.Debug:LogError (object)
UnityEditor.EditorAssemblies:ProcessInitializeOnLoadMethodAttributes ()

Mono: successfully reloaded assembly
[Package Manager] Server::EnsureServerProcessIsRunning -- launch failed, reason: Unity was launched with the -noUpm command-line argument
[Package Manager] UpmClient::Send -- Unable to send message (not connected to UPM process).
[Package Manager] Cannot connect to Unity Package Manager local server
[Package Manager] Server::EnsureServerProcessIsRunning -- launch failed, reason: Unity was launched with the -noUpm command-line argument
[Package Manager] UpmClient::Send -- Unable to send message (not connected to UPM process).
[Package Manager] Cannot connect to Unity Package Manager local server
- Finished resetting the current domain, in  0.629 seconds
Domain Reload Profiling: 1218ms
	BeginReloadAssembly (126ms)
		ExecutionOrderSort (0ms)
		DisableScriptedObjects (5ms)
		BackupInstance (0ms)
		ReleaseScriptingObjects (0ms)
		CreateAndSetChildDomain (19ms)
	RebuildCommonClasses (29ms)
	RebuildNativeTypeToScriptingClass (10ms)
	initialDomainReloadingComplete (28ms)
	LoadAllAssembliesAndSetupDomain (395ms)
		LoadAssemblies (263ms)
		RebuildTransferFunctionScriptingTraits (0ms)
		AnalyzeDomain (207ms)
			TypeCache.Refresh (181ms)
				TypeCache.ScanAssembly (166ms)
			ScanForSourceGeneratedMonoScriptInfo (19ms)
			ResolveRequiredComponents (6ms)
	FinalizeReload (630ms)
		ReleaseScriptCaches (0ms)
		RebuildScriptCaches (0ms)
		SetupLoadedEditorAssemblies (479ms)
			LogAssemblyErrors (0ms)
			InitializePlatformSupportModulesInManaged (22ms)
			SetLoadedEditorAssemblies (3ms)
			RefreshPlugins (0ms)
			BeforeProcessingInitializeOnLoad (67ms)
			ProcessInitializeOnLoadAttributes (331ms)
			ProcessInitializeOnLoadMethodAttributes (47ms)
			AfterProcessingInitializeOnLoad (9ms)
			EditorAssembliesLoaded (0ms)
		ExecutionOrderSort2 (0ms)
		AwakeInstancesAfterBackupRestoration (6ms)
Launched and connected shader compiler UnityShaderCompiler.exe after 0.04 seconds
Refreshing native plugins compatible for Editor in 15.66 ms, found 12 plugins.
Preloading 1 native plugins for Editor in 0.07 ms.
Unloading 4188 Unused Serialized files (Serialized files now loaded: 0)
Unloading 88 unused Assets / (1.8 MB). Loaded Objects now: 4667.
Memory consumption went from 181.6 MB to 179.8 MB.
Total: 3.687800 ms (FindLiveObjects: 0.340900 ms CreateObjectMapping: 0.267800 ms MarkObjects: 2.725200 ms  DeleteObjects: 0.352700 ms)

AssetImportParameters requested are different than current active one (requested -> active):
  custom:container-demuxer-ogg: 62fdf1f143b41e24485cea50d1cbac27 -> 
  custom:video-decoder-ogg-theora: a1e56fd34408186e4bbccfd4996cb3dc -> 
  custom:framework-win-MediaFoundation: 216162199b28c13a410421893ffa2e32 -> 
  custom:CustomObjectIndexerAttribute: 6d391050e5a25f67b0a2c618074f2cd9 -> 
  custom:container-demuxer-webm: 4f35f7cbe854078d1ac9338744f61a02 -> 
  custom:container-muxer-webm: aa71ff27fc2769a1b78a27578f13a17b -> 
  custom:video-decoder-webm-vp8: 9c59270c3fd7afecdb556c50c9e8de78 -> 
  custom:SearchIndexIgnoredProperties: e643bd26f0fe6173181afceb89e7c659 -> 
  custom:AudioImporter_EditorPlatform: d09bf68614088b80899f8185d706f6e7 -> 
  custom:video-encoder-webm-vp8: eb34c28f22e8b96e1ab97ce403110664 -> 
  custom:audio-decoder-ogg-vorbis: bf7c407c2cedff20999df2af8eb42d56 -> 
  custom:audio-encoder-webm-vorbis: bf7c407c2cedff20999df2af8eb42d56 -> 
========================================================================
Received Import Request.
  Time since last request: 669469.319650 seconds.
  path: Assets/PolygonDungeon/Prefabs/Characters/FixedScale/Character_Ghost_02_FixedScale.prefab
  artifactKey: Guid(d2b11d59c34b8794a916e2e3adca29b6) Importer(815301076,1909f56bfc062723c751e8b465ee728b)
Start importing Assets/PolygonDungeon/Prefabs/Characters/FixedScale/Character_Ghost_02_FixedScale.prefab using Guid(d2b11d59c34b8794a916e2e3adca29b6) Importer(815301076,1909f56bfc062723c751e8b465ee728b)  -> (artifact id: 'cc88350b20f18988d078f7346d6085c4') in 0.162752 seconds
Number of updated asset objects reloaded before import = 0
Number of asset objects unloaded after import = 234
========================================================================
Received Import Request.
  Time since last request: 0.000020 seconds.
  path: Assets/PolygonDungeon/Prefabs/Characters/FixedScale/Character_Hero_Knight_Male_FixedScale.prefab
  artifactKey: Guid(a96b63f27d072234bbc3d7818166e4eb) Importer(815301076,1909f56bfc062723c751e8b465ee728b)
Start importing Assets/PolygonDungeon/Prefabs/Characters/FixedScale/Character_Hero_Knight_Male_FixedScale.prefab using Guid(a96b63f27d072234bbc3d7818166e4eb) Importer(815301076,1909f56bfc062723c751e8b465ee728b)  -> (artifact id: '5c3fb5767a2541bb10a71325003c60f1') in 0.043440 seconds
Number of updated asset objects reloaded before import = 0
Number of asset objects unloaded after import = 232
========================================================================
Received Import Request.
  Time since last request: 0.000044 seconds.
  path: Assets/PolygonDungeon/Prefabs/Characters/FixedScale/Character_Skeleton_Knight_FixedScale.prefab
  artifactKey: Guid(f6362dc4479aaf549a3fdaedef699623) Importer(815301076,1909f56bfc062723c751e8b465ee728b)
Start importing Assets/PolygonDungeon/Prefabs/Characters/FixedScale/Character_Skeleton_Knight_FixedScale.prefab using Guid(f6362dc4479aaf549a3fdaedef699623) Importer(815301076,1909f56bfc062723c751e8b465ee728b)  -> (artifact id: 'efee0aa98b98f7c9d1fc01bb03527bc9') in 0.032246 seconds
Number of updated asset objects reloaded before import = 0
Number of asset objects unloaded after import = 232
========================================================================
Received Import Request.
  Time since last request: 0.000026 seconds.
  path: Assets/PolygonDungeon/Prefabs/Characters/FixedScale/Character_Skeleton_Soldier_02_FixedScale.prefab
  artifactKey: Guid(807c1226359007646905397056134019) Importer(815301076,1909f56bfc062723c751e8b465ee728b)
Start importing Assets/PolygonDungeon/Prefabs/Characters/FixedScale/Character_Skeleton_Soldier_02_FixedScale.prefab using Guid(807c1226359007646905397056134019) Importer(815301076,1909f56bfc062723c751e8b465ee728b)  -> (artifact id: '6644a5da4f28776afb30d3a6da12a83b') in 0.031055 seconds
Number of updated asset objects reloaded before import = 0
Number of asset objects unloaded after import = 232
========================================================================
Received Import Request.
  Time since last request: 0.000032 seconds.
  path: Assets/PolygonDungeon/Prefabs/Characters/FixedScale/Character_Goblin_WarChief_FixedScale.prefab
  artifactKey: Guid(9877270705d01b540aeaa38895b9f95b) Importer(815301076,1909f56bfc062723c751e8b465ee728b)
Start importing Assets/PolygonDungeon/Prefabs/Characters/FixedScale/Character_Goblin_WarChief_FixedScale.prefab using Guid(9877270705d01b540aeaa38895b9f95b) Importer(815301076,1909f56bfc062723c751e8b465ee728b)  -> (artifact id: 'c4012ff4dce6b4724f13c5135824d42f') in 0.032084 seconds
Number of updated asset objects reloaded before import = 0
Number of asset objects unloaded after import = 232
========================================================================
Received Import Request.
  Time since last request: 0.000017 seconds.
  path: Assets/PolygonDungeon/Prefabs/Characters/FixedScale/Character_Rock_Golem_FixedScale.prefab
  artifactKey: Guid(beba2944035d3c54abd09d3d023aa9a8) Importer(815301076,1909f56bfc062723c751e8b465ee728b)
Start importing Assets/PolygonDungeon/Prefabs/Characters/FixedScale/Character_Rock_Golem_FixedScale.prefab using Guid(beba2944035d3c54abd09d3d023aa9a8) Importer(815301076,1909f56bfc062723c751e8b465ee728b)  -> (artifact id: '67a8728a050fffdff6e81f0d822e1354') in 0.033101 seconds
Number of updated asset objects reloaded before import = 0
Number of asset objects unloaded after import = 232
========================================================================
Received Import Request.
  Time since last request: 0.000037 seconds.
  path: Assets/PolygonDungeon/Prefabs/Characters/FixedScale/Character_Skeleton_Soldier_01_FixedScale.prefab
  artifactKey: Guid(aa4de824abd97724da42ffc9d2b3c275) Importer(815301076,1909f56bfc062723c751e8b465ee728b)
Start importing Assets/PolygonDungeon/Prefabs/Characters/FixedScale/Character_Skeleton_Soldier_01_FixedScale.prefab using Guid(aa4de824abd97724da42ffc9d2b3c275) Importer(815301076,1909f56bfc062723c751e8b465ee728b)  -> (artifact id: '11c4624eaae70e07cd169872a77182d1') in 0.034452 seconds
Number of updated asset objects reloaded before import = 0
Number of asset objects unloaded after import = 232
========================================================================
Received Import Request.
  Time since last request: 7.433709 seconds.
  path: Assets/SimpleNaturePack/Prefabs/Bush_01.prefab
  artifactKey: Guid(3cdafb3c2f54d434894928d72d282874) Importer(815301076,1909f56bfc062723c751e8b465ee728b)
Start importing Assets/SimpleNaturePack/Prefabs/Bush_01.prefab using Guid(3cdafb3c2f54d434894928d72d282874) Importer(815301076,1909f56bfc062723c751e8b465ee728b)  -> (artifact id: '9be656e768d05476ebbecd9fa432325b') in 0.018193 seconds
Number of updated asset objects reloaded before import = 0
Number of asset objects unloaded after import = 18
========================================================================
Received Import Request.
  Time since last request: 0.000019 seconds.
  path: Assets/SimpleNaturePack/Prefabs/Tree_04.prefab
  artifactKey: Guid(f0c16f0ea935ea64297ca1d4d55d9746) Importer(815301076,1909f56bfc062723c751e8b465ee728b)
Start importing Assets/SimpleNaturePack/Prefabs/Tree_04.prefab using Guid(f0c16f0ea935ea64297ca1d4d55d9746) Importer(815301076,1909f56bfc062723c751e8b465ee728b)  -> (artifact id: 'e0577bb10fa4edb0dce2117951554ea2') in 0.014566 seconds
Number of updated asset objects reloaded before import = 0
Number of asset objects unloaded after import = 18
========================================================================
Received Import Request.
  Time since last request: 0.000023 seconds.
  path: Assets/SimpleNaturePack/Prefabs/Tree_01.prefab
  artifactKey: Guid(88f2fd29f58b9734683512546acec310) Importer(815301076,1909f56bfc062723c751e8b465ee728b)
Start importing Assets/SimpleNaturePack/Prefabs/Tree_01.prefab using Guid(88f2fd29f58b9734683512546acec310) Importer(815301076,1909f56bfc062723c751e8b465ee728b)  -> (artifact id: '7c662647432885232bc245d2b450907c') in 0.013990 seconds
Number of updated asset objects reloaded before import = 0
Number of asset objects unloaded after import = 18
========================================================================
Received Import Request.
  Time since last request: 0.000029 seconds.
  path: Assets/SimpleNaturePack/Prefabs/Ground_01.prefab
  artifactKey: Guid(ebee340de387f334f9ac44e044abd8fb) Importer(815301076,1909f56bfc062723c751e8b465ee728b)
Start importing Assets/SimpleNaturePack/Prefabs/Ground_01.prefab using Guid(ebee340de387f334f9ac44e044abd8fb) Importer(815301076,1909f56bfc062723c751e8b465ee728b)  -> (artifact id: '944d978c778d27d3c5a0ba57c3ab3920') in 0.016344 seconds
Number of updated asset objects reloaded before import = 0
Number of asset objects unloaded after import = 10
========================================================================
Received Import Request.
  Time since last request: 0.000037 seconds.
  path: Assets/SimpleNaturePack/Prefabs/Ground_03.prefab
  artifactKey: Guid(3f9b178ccd3b86f4ebbfc1f5a2815e56) Importer(815301076,1909f56bfc062723c751e8b465ee728b)
Start importing Assets/SimpleNaturePack/Prefabs/Ground_03.prefab using Guid(3f9b178ccd3b86f4ebbfc1f5a2815e56) Importer(815301076,1909f56bfc062723c751e8b465ee728b)  -> (artifact id: '35dc6c001fbf992265d18d594e04e960') in 0.014482 seconds
Number of updated asset objects reloaded before import = 0
Number of asset objects unloaded after import = 10
========================================================================
Received Import Request.
  Time since last request: 0.000035 seconds.
  path: Assets/SimpleNaturePack/Prefabs/Mushroom_02.prefab
  artifactKey: Guid(494f6d43e170e9145bc7865d243ee00b) Importer(815301076,1909f56bfc062723c751e8b465ee728b)
Start importing Assets/SimpleNaturePack/Prefabs/Mushroom_02.prefab using Guid(494f6d43e170e9145bc7865d243ee00b) Importer(815301076,1909f56bfc062723c751e8b465ee728b)  -> (artifact id: '1142c451207ffbf8c3625194864facdf') in 0.017141 seconds
Number of updated asset objects reloaded before import = 0
Number of asset objects unloaded after import = 18
========================================================================
Received Import Request.
  Time since last request: 0.000025 seconds.
  path: Assets/SimpleNaturePack/Prefabs/Tree_02.prefab
  artifactKey: Guid(e289bf5debb17f6459818c207d781953) Importer(815301076,1909f56bfc062723c751e8b465ee728b)
Start importing Assets/SimpleNaturePack/Prefabs/Tree_02.prefab using Guid(e289bf5debb17f6459818c207d781953) Importer(815301076,1909f56bfc062723c751e8b465ee728b)  -> (artifact id: '0634e89e174b6b83af9e3cb5bc0a1294') in 0.015911 seconds
Number of updated asset objects reloaded before import = 0
Number of asset objects unloaded after import = 18
========================================================================
Received Import Request.
  Time since last request: 0.000033 seconds.
  path: Assets/SimpleNaturePack/Prefabs/Tree_03.prefab
  artifactKey: Guid(c60edd51c065ceb46b345849a03bc106) Importer(815301076,1909f56bfc062723c751e8b465ee728b)
Start importing Assets/SimpleNaturePack/Prefabs/Tree_03.prefab using Guid(c60edd51c065ceb46b345849a03bc106) Importer(815301076,1909f56bfc062723c751e8b465ee728b)  -> (artifact id: '0ce060e7cd45705b1e7df8f730899db4') in 0.015935 seconds
Number of updated asset objects reloaded before import = 0
Number of asset objects unloaded after import = 18
========================================================================
Received Import Request.
  Time since last request: 0.000043 seconds.
  path: Assets/SimpleNaturePack/Prefabs/Flowers_02.prefab
  artifactKey: Guid(299e7a1cb6456cf4fa6079cf5978df9b) Importer(815301076,1909f56bfc062723c751e8b465ee728b)
Start importing Assets/SimpleNaturePack/Prefabs/Flowers_02.prefab using Guid(299e7a1cb6456cf4fa6079cf5978df9b) Importer(815301076,1909f56bfc062723c751e8b465ee728b)  -> (artifact id: '0e6f2b5d4b41c1da441dca0acce24294') in 0.012440 seconds
Number of updated asset objects reloaded before import = 0
Number of asset objects unloaded after import = 18
========================================================================
Received Import Request.
  Time since last request: 686.639654 seconds.
  path: Assets/SimpleNaturePack/Materials/SimpleNaturePack_Texture_01.mat
  artifactKey: Guid(93caadf4359ae8143aad35b3145d31af) Importer(815301076,1909f56bfc062723c751e8b465ee728b)
Start importing Assets/SimpleNaturePack/Materials/SimpleNaturePack_Texture_01.mat using Guid(93caadf4359ae8143aad35b3145d31af) Importer(815301076,1909f56bfc062723c751e8b465ee728b)  -> (artifact id: '4334826ced69ea79d16c8f54bbfb62cb') in 0.045821 seconds
Number of updated asset objects reloaded before import = 0
Number of asset objects unloaded after import = 2
========================================================================
Received Import Request.
  Time since last request: 378.908817 seconds.
  path: Assets/BNG Framework/HandPoser/Materials/ToonColor 1.mat
  artifactKey: Guid(119f2e8647a429740becd98659b31f59) Importer(815301076,1909f56bfc062723c751e8b465ee728b)
Start importing Assets/BNG Framework/HandPoser/Materials/ToonColor 1.mat using Guid(119f2e8647a429740becd98659b31f59) Importer(815301076,1909f56bfc062723c751e8b465ee728b)  -> (artifact id: 'ca03af3af83d05ab2de98fdeac39a61e') in 0.032698 seconds
Number of updated asset objects reloaded before import = 0
Number of asset objects unloaded after import = 1
========================================================================
Received Import Request.
  Time since last request: 0.000021 seconds.
  path: Assets/ModularLowpolyStreetsFree/Materials/Other/Tree-area-1.mat
  artifactKey: Guid(965261c5d0adae54c9845f2569fb56db) Importer(815301076,1909f56bfc062723c751e8b465ee728b)
Start importing Assets/ModularLowpolyStreetsFree/Materials/Other/Tree-area-1.mat using Guid(965261c5d0adae54c9845f2569fb56db) Importer(815301076,1909f56bfc062723c751e8b465ee728b)  -> (artifact id: '86115a4155bfb3bc60e4607790d34e49') in 0.022265 seconds
Number of updated asset objects reloaded before import = 0
Number of asset objects unloaded after import = 3
========================================================================
Received Import Request.
  Time since last request: 0.000018 seconds.
  path: Assets/ModularLowpolyStreetsFree/Materials/Other/Trash_can_1.mat
  artifactKey: Guid(732e282e711b88440921f49de9ea333b) Importer(815301076,1909f56bfc062723c751e8b465ee728b)
Start importing Assets/ModularLowpolyStreetsFree/Materials/Other/Trash_can_1.mat using Guid(732e282e711b88440921f49de9ea333b) Importer(815301076,1909f56bfc062723c751e8b465ee728b)  -> (artifact id: '1be370cf79a5da9269af3d6b0685fe7a') in 0.153783 seconds
Number of updated asset objects reloaded before import = 0
Number of asset objects unloaded after import = 5
========================================================================
Received Import Request.
  Time since last request: 0.000029 seconds.
  path: Assets/Low Poly Furniture/Demos/Materials/Walls.mat
  artifactKey: Guid(055486753c9248e41bac09fe9f4cf7dd) Importer(815301076,1909f56bfc062723c751e8b465ee728b)
Start importing Assets/Low Poly Furniture/Demos/Materials/Walls.mat using Guid(055486753c9248e41bac09fe9f4cf7dd) Importer(815301076,1909f56bfc062723c751e8b465ee728b)  -> (artifact id: '19851780f333d6f885fec3e4774d4474') in 0.011971 seconds
Number of updated asset objects reloaded before import = 0
Number of asset objects unloaded after import = 1
========================================================================
Received Import Request.
  Time since last request: 0.000025 seconds.
  path: Assets/ModularLowpolyStreetsFree/Materials/Other/Traffic-cone.mat
  artifactKey: Guid(7836fe20ca29307408fffe453e5c30fa) Importer(815301076,1909f56bfc062723c751e8b465ee728b)
Start importing Assets/ModularLowpolyStreetsFree/Materials/Other/Traffic-cone.mat using Guid(7836fe20ca29307408fffe453e5c30fa) Importer(815301076,1909f56bfc062723c751e8b465ee728b)  -> (artifact id: '75a5c670f556d493d494d5c0795fe671') in 0.013874 seconds
Number of updated asset objects reloaded before import = 0
Number of asset objects unloaded after import = 4
========================================================================
Received Import Request.
  Time since last request: 0.000017 seconds.
  path: Assets/ModularLowpolyStreetsFree/Materials/Other/Traffic-light-EU-light.mat
  artifactKey: Guid(2f2fc0768c223304a98f72a08aae9261) Importer(815301076,1909f56bfc062723c751e8b465ee728b)
Start importing Assets/ModularLowpolyStreetsFree/Materials/Other/Traffic-light-EU-light.mat using Guid(2f2fc0768c223304a98f72a08aae9261) Importer(815301076,1909f56bfc062723c751e8b465ee728b)  -> (artifact id: '6ad9f1cde15aa3719d96cdd8bcfd505e') in 0.104707 seconds
Number of updated asset objects reloaded before import = 0
Number of asset objects unloaded after import = 3
========================================================================
Received Import Request.
  Time since last request: 2.238805 seconds.
  path: Assets/ModularLowpolyStreetsFree/Materials/Other/Sewer-grill.mat
  artifactKey: Guid(eaf5240417f4c2046a2d35b26cdf4e69) Importer(815301076,1909f56bfc062723c751e8b465ee728b)
Start importing Assets/ModularLowpolyStreetsFree/Materials/Other/Sewer-grill.mat using Guid(eaf5240417f4c2046a2d35b26cdf4e69) Importer(815301076,1909f56bfc062723c751e8b465ee728b)  -> (artifact id: '492b4d94dcac6859a7548a1ff29828dd') in 0.012827 seconds
Number of updated asset objects reloaded before import = 0
Number of asset objects unloaded after import = 4
========================================================================
Received Import Request.
  Time since last request: 0.000013 seconds.
  path: Assets/ModularLowpolyStreetsFree/Materials/Other/Sewer-hatch.mat
  artifactKey: Guid(df7b2ef8a5833994cafa9dc32afe2135) Importer(815301076,1909f56bfc062723c751e8b465ee728b)
Start importing Assets/ModularLowpolyStreetsFree/Materials/Other/Sewer-hatch.mat using Guid(df7b2ef8a5833994cafa9dc32afe2135) Importer(815301076,1909f56bfc062723c751e8b465ee728b)  -> (artifact id: '11f1b7d8a4ea05c81ec3b29665233dde') in 0.012520 seconds
Number of updated asset objects reloaded before import = 0
Number of asset objects unloaded after import = 4
========================================================================
Received Import Request.
  Time since last request: 0.000018 seconds.
  path: Assets/BNG Framework/HandPoser/Materials/skin_dark.mat
  artifactKey: Guid(c9acf9cc34b818f4c99fa9cbb4d5ee6d) Importer(815301076,1909f56bfc062723c751e8b465ee728b)
Start importing Assets/BNG Framework/HandPoser/Materials/skin_dark.mat using Guid(c9acf9cc34b818f4c99fa9cbb4d5ee6d) Importer(815301076,1909f56bfc062723c751e8b465ee728b)  -> (artifact id: 'fe623cd17ad5b1c20f838830cce9ad9d') in 0.043433 seconds
Number of updated asset objects reloaded before import = 0
Number of asset objects unloaded after import = 2
========================================================================
Received Import Request.
  Time since last request: 0.061209 seconds.
  path: Assets/ModularLowpolyStreetsFree/Materials/Other/Pole-base.mat
  artifactKey: Guid(c253732cb67d0be46817dcd85cc34ceb) Importer(815301076,1909f56bfc062723c751e8b465ee728b)
Start importing Assets/ModularLowpolyStreetsFree/Materials/Other/Pole-base.mat using Guid(c253732cb67d0be46817dcd85cc34ceb) Importer(815301076,1909f56bfc062723c751e8b465ee728b)  -> (artifact id: 'a294664b5f46e93b1c18187cb4c207b4') in 0.014786 seconds
Number of updated asset objects reloaded before import = 0
Number of asset objects unloaded after import = 4
========================================================================
Received Import Request.
  Time since last request: 0.000018 seconds.
  path: Assets/ModularLowpolyStreetsFree/Materials/Roads/Road-1-line-turn-1.mat
  artifactKey: Guid(3a841dc28c751b64899dfd35e43a91f9) Importer(815301076,1909f56bfc062723c751e8b465ee728b)
Start importing Assets/ModularLowpolyStreetsFree/Materials/Roads/Road-1-line-turn-1.mat using Guid(3a841dc28c751b64899dfd35e43a91f9) Importer(815301076,1909f56bfc062723c751e8b465ee728b)  -> (artifact id: '77037cfa1a1d9cd6853d7d9d732e25c1') in 0.033175 seconds
Number of updated asset objects reloaded before import = 0
Number of asset objects unloaded after import = 3
========================================================================
Received Import Request.
  Time since last request: 0.000025 seconds.
  path: Assets/Altar_Ruins_FREE/Art/Textures/Material/Plane001Mat.mat
  artifactKey: Guid(a621cd357ef757e4590414daaae32692) Importer(815301076,1909f56bfc062723c751e8b465ee728b)
Start importing Assets/Altar_Ruins_FREE/Art/Textures/Material/Plane001Mat.mat using Guid(a621cd357ef757e4590414daaae32692) Importer(815301076,1909f56bfc062723c751e8b465ee728b)  -> (artifact id: '25e9a397179a2ab30d3d936b44ee6dba') in 0.075969 seconds
Number of updated asset objects reloaded before import = 0
Number of asset objects unloaded after import = 3
========================================================================
Received Import Request.
  Time since last request: 0.000018 seconds.
  path: Assets/ModularLowpolyStreetsFree/Materials/Other/Pole-light.mat
  artifactKey: Guid(8b7309a6c788b664681a337f9101337e) Importer(815301076,1909f56bfc062723c751e8b465ee728b)
Start importing Assets/ModularLowpolyStreetsFree/Materials/Other/Pole-light.mat using Guid(8b7309a6c788b664681a337f9101337e) Importer(815301076,1909f56bfc062723c751e8b465ee728b)  -> (artifact id: 'ec19cc4fd5e50047417bda8e885228a1') in 0.014461 seconds
Number of updated asset objects reloaded before import = 0
Number of asset objects unloaded after import = 4
========================================================================
Received Import Request.
  Time since last request: 0.000015 seconds.
  path: Assets/ModularLowpolyStreetsFree/Materials/Roads/Pavement.mat
  artifactKey: Guid(ad9b23eb22f4c5d4eab51aaec94fda13) Importer(815301076,1909f56bfc062723c751e8b465ee728b)
Start importing Assets/ModularLowpolyStreetsFree/Materials/Roads/Pavement.mat using Guid(ad9b23eb22f4c5d4eab51aaec94fda13) Importer(815301076,1909f56bfc062723c751e8b465ee728b)  -> (artifact id: 'ab0e1aae91d5781f620b863ac3bffac1') in 0.017868 seconds
Number of updated asset objects reloaded before import = 0
Number of asset objects unloaded after import = 3
========================================================================
Received Import Request.
  Time since last request: 0.000020 seconds.
  path: Assets/ModularLowpolyStreetsFree/Materials/Other/Pole1.mat
  artifactKey: Guid(8654194a4a9755d4aa0bd32d6fe0cd4c) Importer(815301076,1909f56bfc062723c751e8b465ee728b)
Start importing Assets/ModularLowpolyStreetsFree/Materials/Other/Pole1.mat using Guid(8654194a4a9755d4aa0bd32d6fe0cd4c) Importer(815301076,1909f56bfc062723c751e8b465ee728b)  -> (artifact id: 'c7a0b89a406fddb7f02509c9985159a3') in 0.013872 seconds
Number of updated asset objects reloaded before import = 0
Number of asset objects unloaded after import = 4
========================================================================
Received Import Request.
  Time since last request: 0.000032 seconds.
  path: Assets/ModularLowpolyStreetsFree/Materials/Roads/Road-1-line-turn-2.mat
  artifactKey: Guid(e95b96e568a89b04eada01942ea3d4ca) Importer(815301076,1909f56bfc062723c751e8b465ee728b)
Start importing Assets/ModularLowpolyStreetsFree/Materials/Roads/Road-1-line-turn-2.mat using Guid(e95b96e568a89b04eada01942ea3d4ca) Importer(815301076,1909f56bfc062723c751e8b465ee728b)  -> (artifact id: '48fd0e20e7e015b0c7d1073da4d6a90e') in 0.018808 seconds
Number of updated asset objects reloaded before import = 0
Number of asset objects unloaded after import = 3
========================================================================
Received Import Request.
  Time since last request: 0.000018 seconds.
  path: Assets/BNG Framework/Models/Oculus/OculusTouchForRift/Materials/OculusTouchForRift_Material.mat
  artifactKey: Guid(eacafe280fdfa6a44845c135057ae6a5) Importer(815301076,1909f56bfc062723c751e8b465ee728b)
Start importing Assets/BNG Framework/Models/Oculus/OculusTouchForRift/Materials/OculusTouchForRift_Material.mat using Guid(eacafe280fdfa6a44845c135057ae6a5) Importer(815301076,1909f56bfc062723c751e8b465ee728b)  -> (artifact id: 'c6c89e20589fb909f60492b9abac116f') in 0.011094 seconds
Number of updated asset objects reloaded before import = 0
Number of asset objects unloaded after import = 1
========================================================================
Received Import Request.
  Time since last request: 0.000031 seconds.
  path: Assets/ModularLowpolyStreetsFree/Materials/Roads/Road-1-line.mat
  artifactKey: Guid(b78fe0de0f0a3f64f8b4f76f3b06a45a) Importer(815301076,1909f56bfc062723c751e8b465ee728b)
Start importing Assets/ModularLowpolyStreetsFree/Materials/Roads/Road-1-line.mat using Guid(b78fe0de0f0a3f64f8b4f76f3b06a45a) Importer(815301076,1909f56bfc062723c751e8b465ee728b)  -> (artifact id: 'c5ee9057f5fb62a7431f61b60eb49bad') in 0.023459 seconds
Number of updated asset objects reloaded before import = 0
Number of asset objects unloaded after import = 3
========================================================================
Received Import Request.
  Time since last request: 0.316302 seconds.
  path: Assets/BNG Framework/Models/Oculus/OculusTouchForQuest2/Materials/OculusTouchForQuest2_MAT.mat
  artifactKey: Guid(d7292a5e1ae17a64c95f3081d2c6be5a) Importer(815301076,1909f56bfc062723c751e8b465ee728b)
Start importing Assets/BNG Framework/Models/Oculus/OculusTouchForQuest2/Materials/OculusTouchForQuest2_MAT.mat using Guid(d7292a5e1ae17a64c95f3081d2c6be5a) Importer(815301076,1909f56bfc062723c751e8b465ee728b)  -> (artifact id: '9505616ce61f4cd16cb067d643ef62ab') in 0.017705 seconds
Number of updated asset objects reloaded before import = 0
Number of asset objects unloaded after import = 1
========================================================================
Received Import Request.
  Time since last request: 0.000031 seconds.
  path: Assets/BNG Framework/Models/Oculus/OculusTouchForQuestAndRiftS/Materials/OculusTouchForQuestAndRiftS_Material.mat
  artifactKey: Guid(01ac879f6ce09924e9c26663f798beaf) Importer(815301076,1909f56bfc062723c751e8b465ee728b)
Start importing Assets/BNG Framework/Models/Oculus/OculusTouchForQuestAndRiftS/Materials/OculusTouchForQuestAndRiftS_Material.mat using Guid(01ac879f6ce09924e9c26663f798beaf) Importer(815301076,1909f56bfc062723c751e8b465ee728b)  -> (artifact id: '080b44119e93936566902a850b8f1078') in 0.012299 seconds
Number of updated asset objects reloaded before import = 0
Number of asset objects unloaded after import = 1
========================================================================
Received Import Request.
  Time since last request: 0.000016 seconds.
  path: Assets/BNG Framework/Models/Oculus/OculusTouchForQuest2/Materials/OculusTouchForQuest2_Right.mat
  artifactKey: Guid(0cd3ed1aad0963f4a8819e086ec6909f) Importer(815301076,1909f56bfc062723c751e8b465ee728b)
Start importing Assets/BNG Framework/Models/Oculus/OculusTouchForQuest2/Materials/OculusTouchForQuest2_Right.mat using Guid(0cd3ed1aad0963f4a8819e086ec6909f) Importer(815301076,1909f56bfc062723c751e8b465ee728b)  -> (artifact id: '39e1d594490d59b7141d348d21dcd705') in 0.041538 seconds
Number of updated asset objects reloaded before import = 0
Number of asset objects unloaded after import = 3
========================================================================
Received Import Request.
  Time since last request: 187.345782 seconds.
  path: Assets/Low Poly Furniture/Demos/Materials/Ground_DemoScene.mat
  artifactKey: Guid(4a110d44e0f47da4c8ee0e6793d330a5) Importer(815301076,1909f56bfc062723c751e8b465ee728b)
Start importing Assets/Low Poly Furniture/Demos/Materials/Ground_DemoScene.mat using Guid(4a110d44e0f47da4c8ee0e6793d330a5) Importer(815301076,1909f56bfc062723c751e8b465ee728b)  -> (artifact id: '08b13f8fed304bd3fda692cc2b98b4fe') in 0.012145 seconds
Number of updated asset objects reloaded before import = 0
Number of asset objects unloaded after import = 1
========================================================================
Received Import Request.
  Time since last request: 0.045744 seconds.
  path: Assets/PolygonDungeon/Materials/Misc/FX_Standard.mat
  artifactKey: Guid(fa9e67520e3a0c04996a1f31dd165bb9) Importer(815301076,1909f56bfc062723c751e8b465ee728b)
Start importing Assets/PolygonDungeon/Materials/Misc/FX_Standard.mat using Guid(fa9e67520e3a0c04996a1f31dd165bb9) Importer(815301076,1909f56bfc062723c751e8b465ee728b)  -> (artifact id: 'f162490425916c8d1faddc167a81b5b9') in 0.009232 seconds
Number of updated asset objects reloaded before import = 0
Number of asset objects unloaded after import = 1
========================================================================
Received Import Request.
  Time since last request: 0.000024 seconds.
  path: Assets/PolygonDungeon/Materials/Misc/FX_Water_Sewer.mat
  artifactKey: Guid(455fe742c8c369c4d967a98804d6e56e) Importer(815301076,1909f56bfc062723c751e8b465ee728b)
Start importing Assets/PolygonDungeon/Materials/Misc/FX_Water_Sewer.mat using Guid(455fe742c8c369c4d967a98804d6e56e) Importer(815301076,1909f56bfc062723c751e8b465ee728b)  -> (artifact id: '7f9255485ae90f0c5b8c7a243ec0557b') in 0.015539 seconds
Number of updated asset objects reloaded before import = 0
Number of asset objects unloaded after import = 1
========================================================================
Received Import Request.
  Time since last request: 0.000026 seconds.
  path: Assets/BNG Framework/HandPoser/Materials/gloved_SHD 1.mat
  artifactKey: Guid(92561a33fe3fddc4aa21b32e928d46ea) Importer(815301076,1909f56bfc062723c751e8b465ee728b)
Start importing Assets/BNG Framework/HandPoser/Materials/gloved_SHD 1.mat using Guid(92561a33fe3fddc4aa21b32e928d46ea) Importer(815301076,1909f56bfc062723c751e8b465ee728b)  -> (artifact id: '2b95db16838e3656538258344fd73668') in 0.036201 seconds
Number of updated asset objects reloaded before import = 0
Number of asset objects unloaded after import = 2
========================================================================
Received Import Request.
  Time since last request: 0.000018 seconds.
  path: Assets/BNG Framework/HandPoser/Materials/gloved_SHD.mat
  artifactKey: Guid(c3333871135e1d7468713a56d7822fef) Importer(815301076,1909f56bfc062723c751e8b465ee728b)
Start importing Assets/BNG Framework/HandPoser/Materials/gloved_SHD.mat using Guid(c3333871135e1d7468713a56d7822fef) Importer(815301076,1909f56bfc062723c751e8b465ee728b)  -> (artifact id: '95a865f7282c26a6440a607b016ac328') in 0.031582 seconds
Number of updated asset objects reloaded before import = 0
Number of asset objects unloaded after import = 4
========================================================================
Received Import Request.
  Time since last request: 0.000021 seconds.
  path: Assets/BNG Framework/HandPoser/Materials/fully_gloved_solid 1.mat
  artifactKey: Guid(3d48295bccb3f2f40b688ef8f401137a) Importer(815301076,1909f56bfc062723c751e8b465ee728b)
Start importing Assets/BNG Framework/HandPoser/Materials/fully_gloved_solid 1.mat using Guid(3d48295bccb3f2f40b688ef8f401137a) Importer(815301076,1909f56bfc062723c751e8b465ee728b)  -> (artifact id: 'a76aa99b230103a2913dd957b994b324') in 0.048987 seconds
Number of updated asset objects reloaded before import = 0
Number of asset objects unloaded after import = 3
========================================================================
Received Import Request.
  Time since last request: 0.000028 seconds.
  path: Assets/FreeMountain/Skybox/Free_skybox.mat
  artifactKey: Guid(4468cf691a0d9e74183ca9beb3c7c990) Importer(815301076,1909f56bfc062723c751e8b465ee728b)
Start importing Assets/FreeMountain/Skybox/Free_skybox.mat using Guid(4468cf691a0d9e74183ca9beb3c7c990) Importer(815301076,1909f56bfc062723c751e8b465ee728b)  -> (artifact id: '563fa86b26020150ad682acb548f90c2') in 0.154488 seconds
Number of updated asset objects reloaded before import = 0
Number of asset objects unloaded after import = 7
========================================================================
Received Import Request.
  Time since last request: 0.000016 seconds.
  path: Assets/PolygonDungeon/Materials/Misc/Dungeon_Material_Transparent.mat
  artifactKey: Guid(e7578bbbb7085d042bf6a83f3507cd16) Importer(815301076,1909f56bfc062723c751e8b465ee728b)
Start importing Assets/PolygonDungeon/Materials/Misc/Dungeon_Material_Transparent.mat using Guid(e7578bbbb7085d042bf6a83f3507cd16) Importer(815301076,1909f56bfc062723c751e8b465ee728b)  -> (artifact id: '8fdcb489974fb784e0e5ae2fb7452e96') in 0.012504 seconds
Number of updated asset objects reloaded before import = 0
Number of asset objects unloaded after import = 2
========================================================================
Received Import Request.
  Time since last request: 0.000047 seconds.
  path: Assets/PolygonDungeon/Materials/Misc/Dungeons_Material_Ghost_Soft.mat
  artifactKey: Guid(685714bc4595f7b4c8e75a582e09e6d3) Importer(815301076,1909f56bfc062723c751e8b465ee728b)
Start importing Assets/PolygonDungeon/Materials/Misc/Dungeons_Material_Ghost_Soft.mat using Guid(685714bc4595f7b4c8e75a582e09e6d3) Importer(815301076,1909f56bfc062723c751e8b465ee728b)  -> (artifact id: '8c4a601d28f5f601eba098eeeb3f532a') in 0.012349 seconds
Number of updated asset objects reloaded before import = 0
Number of asset objects unloaded after import = 1
========================================================================
Received Import Request.
  Time since last request: 0.000017 seconds.
  path: Assets/PolygonDungeon/Materials/Misc/Dungeon_Material_TextureWalls.mat
  artifactKey: Guid(e31fd59401aad3747990f06e06debc6d) Importer(815301076,1909f56bfc062723c751e8b465ee728b)
Start importing Assets/PolygonDungeon/Materials/Misc/Dungeon_Material_TextureWalls.mat using Guid(e31fd59401aad3747990f06e06debc6d) Importer(815301076,1909f56bfc062723c751e8b465ee728b)  -> (artifact id: 'fbbb8ebe54fad0c1637115c141bc776d') in 0.129742 seconds
Number of updated asset objects reloaded before import = 0
Number of asset objects unloaded after import = 3
========================================================================
Received Import Request.
  Time since last request: 0.000023 seconds.
  path: Assets/PolygonDungeon/Materials/Misc/Dungeon_Material_Snow.mat
  artifactKey: Guid(275920581080ced43a750da785649059) Importer(815301076,1909f56bfc062723c751e8b465ee728b)
Start importing Assets/PolygonDungeon/Materials/Misc/Dungeon_Material_Snow.mat using Guid(275920581080ced43a750da785649059) Importer(815301076,1909f56bfc062723c751e8b465ee728b)  -> (artifact id: 'daacb61b595dd6128934d7afd60555a3') in 0.121400 seconds
Number of updated asset objects reloaded before import = 0
Number of asset objects unloaded after import = 2
========================================================================
Received Import Request.
  Time since last request: 0.000018 seconds.
  path: Assets/BNG Framework/HandPoser/Materials/gloves_half.mat
  artifactKey: Guid(80489b8bed8bd21418939d3b622ff068) Importer(815301076,1909f56bfc062723c751e8b465ee728b)
Start importing Assets/BNG Framework/HandPoser/Materials/gloves_half.mat using Guid(80489b8bed8bd21418939d3b622ff068) Importer(815301076,1909f56bfc062723c751e8b465ee728b)  -> (artifact id: '31cb18cc5580e13ac5c97cfe5fee9682') in 0.010787 seconds
Number of updated asset objects reloaded before import = 0
Number of asset objects unloaded after import = 1
========================================================================
Received Import Request.
  Time since last request: 0.000046 seconds.
  path: Assets/Altar_Ruins_FREE/Art/Textures/Material/Flag.mat
  artifactKey: Guid(fae832d39fd566f40a6880867f48a932) Importer(815301076,1909f56bfc062723c751e8b465ee728b)
Start importing Assets/Altar_Ruins_FREE/Art/Textures/Material/Flag.mat using Guid(fae832d39fd566f40a6880867f48a932) Importer(815301076,1909f56bfc062723c751e8b465ee728b)  -> (artifact id: 'd43283ee72c4f3a2f42e2d81d672711b') in 0.020245 seconds
Number of updated asset objects reloaded before import = 0
Number of asset objects unloaded after import = 4
========================================================================
Received Import Request.
  Time since last request: 1.108033 seconds.
  path: Assets/PolygonDungeon/Materials/Alternatives/Dungeon_Material_03_B.mat
  artifactKey: Guid(b8d4818780a648f43a3c6e2d9b7e0dd7) Importer(815301076,1909f56bfc062723c751e8b465ee728b)
Start importing Assets/PolygonDungeon/Materials/Alternatives/Dungeon_Material_03_B.mat using Guid(b8d4818780a648f43a3c6e2d9b7e0dd7) Importer(815301076,1909f56bfc062723c751e8b465ee728b)  -> (artifact id: '86480e761f36952344a4d68f5c4c3e54') in 0.024008 seconds
Number of updated asset objects reloaded before import = 0
Number of asset objects unloaded after import = 3
========================================================================
Received Import Request.
  Time since last request: 0.000022 seconds.
  path: Assets/PolygonDungeon/Materials/Alternatives/Dungeon_Material_04_D.mat
  artifactKey: Guid(677c1b3a96d0442478c508f22f3dff23) Importer(815301076,1909f56bfc062723c751e8b465ee728b)
Start importing Assets/PolygonDungeon/Materials/Alternatives/Dungeon_Material_04_D.mat using Guid(677c1b3a96d0442478c508f22f3dff23) Importer(815301076,1909f56bfc062723c751e8b465ee728b)  -> (artifact id: '94b8b165479e9c8b575f4aa4b5dd6e36') in 0.024031 seconds
Number of updated asset objects reloaded before import = 0
Number of asset objects unloaded after import = 3
========================================================================
Received Import Request.
  Time since last request: 0.000019 seconds.
  path: Assets/PolygonDungeon/Materials/Alternatives/Dungeon_Material_04_C.mat
  artifactKey: Guid(5669cbb7e0eee7b469fe44c5a872d2ab) Importer(815301076,1909f56bfc062723c751e8b465ee728b)
Start importing Assets/PolygonDungeon/Materials/Alternatives/Dungeon_Material_04_C.mat using Guid(5669cbb7e0eee7b469fe44c5a872d2ab) Importer(815301076,1909f56bfc062723c751e8b465ee728b)  -> (artifact id: '144e2f0e38285d3de36b61daaa5f6948') in 0.037431 seconds
Number of updated asset objects reloaded before import = 0
Number of asset objects unloaded after import = 3
========================================================================
Received Import Request.
  Time since last request: 0.000016 seconds.
  path: Assets/PolygonDungeon/Materials/Alternatives/Dungeon_Material_02_A.mat
  artifactKey: Guid(adbe0f4574273aa469f66a7c5f8d6876) Importer(815301076,1909f56bfc062723c751e8b465ee728b)
Start importing Assets/PolygonDungeon/Materials/Alternatives/Dungeon_Material_02_A.mat using Guid(adbe0f4574273aa469f66a7c5f8d6876) Importer(815301076,1909f56bfc062723c751e8b465ee728b)  -> (artifact id: 'a41cda135c3a2cf5804db05ee9a93ad1') in 0.021135 seconds
Number of updated asset objects reloaded before import = 0
Number of asset objects unloaded after import = 3
========================================================================
Received Import Request.
  Time since last request: 0.000023 seconds.
  path: Assets/PolygonDungeon/Materials/Alternatives/Dungeon_Material_01_B.mat
  artifactKey: Guid(2f812bc7d2391f74095c870e8dea3e37) Importer(815301076,1909f56bfc062723c751e8b465ee728b)
Start importing Assets/PolygonDungeon/Materials/Alternatives/Dungeon_Material_01_B.mat using Guid(2f812bc7d2391f74095c870e8dea3e37) Importer(815301076,1909f56bfc062723c751e8b465ee728b)  -> (artifact id: 'fba84ecbcc9fff80461a92ae80553aac') in 0.020769 seconds
Number of updated asset objects reloaded before import = 0
Number of asset objects unloaded after import = 3
========================================================================
Received Import Request.
  Time since last request: 0.000025 seconds.
  path: Assets/ModularLowpolyStreetsFree/Materials/Other/Bench-1.mat
  artifactKey: Guid(817da138884b1bb458a0afd57cc6bb00) Importer(815301076,1909f56bfc062723c751e8b465ee728b)
Start importing Assets/ModularLowpolyStreetsFree/Materials/Other/Bench-1.mat using Guid(817da138884b1bb458a0afd57cc6bb00) Importer(815301076,1909f56bfc062723c751e8b465ee728b)  -> (artifact id: 'abcd9e9ab07e409b0650509fdfed0e44') in 0.013259 seconds
Number of updated asset objects reloaded before import = 0
Number of asset objects unloaded after import = 5
========================================================================
Received Import Request.
  Time since last request: 0.000015 seconds.
  path: Assets/BNG Framework/HandPoser/Materials/DebugMaterial1.mat
  artifactKey: Guid(f126470cb8db77746944ae337ae6cb38) Importer(815301076,1909f56bfc062723c751e8b465ee728b)
Start importing Assets/BNG Framework/HandPoser/Materials/DebugMaterial1.mat using Guid(f126470cb8db77746944ae337ae6cb38) Importer(815301076,1909f56bfc062723c751e8b465ee728b)  -> (artifact id: '563f1a1f4dbdcb98ab67b28c373a242e') in 0.011260 seconds
Number of updated asset objects reloaded before import = 0
Number of asset objects unloaded after import = 1
========================================================================
Received Import Request.
  Time since last request: 0.000022 seconds.
  path: Assets/PolygonDungeon/Materials/Alternatives/Dungeon_Material_02_D.mat
  artifactKey: Guid(41eeaca2a327f424a968942f71105488) Importer(815301076,1909f56bfc062723c751e8b465ee728b)
Start importing Assets/PolygonDungeon/Materials/Alternatives/Dungeon_Material_02_D.mat using Guid(41eeaca2a327f424a968942f71105488) Importer(815301076,1909f56bfc062723c751e8b465ee728b)  -> (artifact id: 'dd2a81a635d843d1799b61515a9b5903') in 0.024244 seconds
Number of updated asset objects reloaded before import = 0
Number of asset objects unloaded after import = 3
========================================================================
Received Import Request.
  Time since last request: 0.000021 seconds.
  path: Assets/TextMesh Pro/Resources/Fonts & Materials/digital-7 SDF.asset
  artifactKey: Guid(fc40c29d2eb32e7469b25e84985d40a2) Importer(815301076,1909f56bfc062723c751e8b465ee728b)
Start importing Assets/TextMesh Pro/Resources/Fonts & Materials/digital-7 SDF.asset using Guid(fc40c29d2eb32e7469b25e84985d40a2) Importer(815301076,1909f56bfc062723c751e8b465ee728b)  -> (artifact id: 'c102c2f65c0eab1d8d5c087814402bf0') in 0.040489 seconds
Number of updated asset objects reloaded before import = 0
Number of asset objects unloaded after import = 6
========================================================================
Received Import Request.
  Time since last request: 0.000017 seconds.
  path: Assets/PolygonDungeon/Materials/Alternatives/Dungeon_Material_01_A.mat
  artifactKey: Guid(7ac7f7ed4e4639c41b96b549364e3a9d) Importer(815301076,1909f56bfc062723c751e8b465ee728b)
Start importing Assets/PolygonDungeon/Materials/Alternatives/Dungeon_Material_01_A.mat using Guid(7ac7f7ed4e4639c41b96b549364e3a9d) Importer(815301076,1909f56bfc062723c751e8b465ee728b)  -> (artifact id: 'a36e8cfa3837b6f00c4eddc58f52a86b') in 0.023140 seconds
Number of updated asset objects reloaded before import = 0
Number of asset objects unloaded after import = 3
========================================================================
Received Import Request.
  Time since last request: 0.000020 seconds.
  path: Assets/BNG Framework/HandPoser/Materials/DebugMaterial3.mat
  artifactKey: Guid(76843dd28b30ee542a02d82692356688) Importer(815301076,1909f56bfc062723c751e8b465ee728b)
Start importing Assets/BNG Framework/HandPoser/Materials/DebugMaterial3.mat using Guid(76843dd28b30ee542a02d82692356688) Importer(815301076,1909f56bfc062723c751e8b465ee728b)  -> (artifact id: 'ed7f65f3c0a57c09eb8f2a02728b2c79') in 0.010682 seconds
Number of updated asset objects reloaded before import = 0
Number of asset objects unloaded after import = 1
========================================================================
Received Import Request.
  Time since last request: 0.000020 seconds.
  path: Assets/ModularLowpolyStreetsFree/Materials/Roads/Crossroads-1-lines-circ.mat
  artifactKey: Guid(37bc864c159ad2b42af78734d8a63b8b) Importer(815301076,1909f56bfc062723c751e8b465ee728b)
Start importing Assets/ModularLowpolyStreetsFree/Materials/Roads/Crossroads-1-lines-circ.mat using Guid(37bc864c159ad2b42af78734d8a63b8b) Importer(815301076,1909f56bfc062723c751e8b465ee728b)  -> (artifact id: '35ecca88c166a6d3ba55cd3e528c9c44') in 0.020041 seconds
Number of updated asset objects reloaded before import = 0
Number of asset objects unloaded after import = 3
========================================================================
Received Import Request.
  Time since last request: 0.000018 seconds.
  path: Assets/ModularLowpolyStreetsFree/Materials/Roads/Crossroads-1-lines-walk-2.mat
  artifactKey: Guid(6e29508a3a906694a8ac20b7ddae7087) Importer(815301076,1909f56bfc062723c751e8b465ee728b)
Start importing Assets/ModularLowpolyStreetsFree/Materials/Roads/Crossroads-1-lines-walk-2.mat using Guid(6e29508a3a906694a8ac20b7ddae7087) Importer(815301076,1909f56bfc062723c751e8b465ee728b)  -> (artifact id: '102819848affc683f7876da4e95c91c4') in 0.019087 seconds
Number of updated asset objects reloaded before import = 0
Number of asset objects unloaded after import = 3
========================================================================
Received Import Request.
  Time since last request: 0.000034 seconds.
  path: Assets/PolygonDungeon/Materials/Alternatives/Dungeon_Material_03_C.mat
  artifactKey: Guid(3fbade09b83e6684c85f132da96a79bd) Importer(815301076,1909f56bfc062723c751e8b465ee728b)
Start importing Assets/PolygonDungeon/Materials/Alternatives/Dungeon_Material_03_C.mat using Guid(3fbade09b83e6684c85f132da96a79bd) Importer(815301076,1909f56bfc062723c751e8b465ee728b)  -> (artifact id: 'b683475732d1987b4506a42a85b53cc0') in 0.022533 seconds
Number of updated asset objects reloaded before import = 0
Number of asset objects unloaded after import = 3
========================================================================
Received Import Request.
  Time since last request: 0.000013 seconds.
  path: Assets/PolygonDungeon/Materials/Alternatives/Dungeon_Material_01_C.mat
  artifactKey: Guid(ec4e3847523bb844499342c7de73a9b4) Importer(815301076,1909f56bfc062723c751e8b465ee728b)
Start importing Assets/PolygonDungeon/Materials/Alternatives/Dungeon_Material_01_C.mat using Guid(ec4e3847523bb844499342c7de73a9b4) Importer(815301076,1909f56bfc062723c751e8b465ee728b)  -> (artifact id: 'eee36433b58e5e93e564e7739fdd542f') in 0.027003 seconds
Number of updated asset objects reloaded before import = 0
Number of asset objects unloaded after import = 3
========================================================================
Received Import Request.
  Time since last request: 0.000035 seconds.
  path: Assets/PolygonDungeon/Materials/Alternatives/Dungeon_Material_01_D.mat
  artifactKey: Guid(63b2458f634a82145935236ca002661d) Importer(815301076,1909f56bfc062723c751e8b465ee728b)
Start importing Assets/PolygonDungeon/Materials/Alternatives/Dungeon_Material_01_D.mat using Guid(63b2458f634a82145935236ca002661d) Importer(815301076,1909f56bfc062723c751e8b465ee728b)  -> (artifact id: '86d079aeedbefb68272b98c145d6d4d7') in 0.031811 seconds
Number of updated asset objects reloaded before import = 0
Number of asset objects unloaded after import = 3
========================================================================
Received Import Request.
  Time since last request: 0.000032 seconds.
  path: Assets/PolygonDungeon/Materials/Alternatives/Dungeon_Material_02_B.mat
  artifactKey: Guid(dda89ebfddae0294dbbfc71c5556dd52) Importer(815301076,1909f56bfc062723c751e8b465ee728b)
Start importing Assets/PolygonDungeon/Materials/Alternatives/Dungeon_Material_02_B.mat using Guid(dda89ebfddae0294dbbfc71c5556dd52) Importer(815301076,1909f56bfc062723c751e8b465ee728b)  -> (artifact id: '560bc00987c378c1ac7e310b8d3f0700') in 0.024899 seconds
Number of updated asset objects reloaded before import = 0
Number of asset objects unloaded after import = 3
========================================================================
Received Import Request.
  Time since last request: 233.418251 seconds.
  path: Assets/Tarbo-CITY-TrafficLights/Prefabs/Props/Road/TB_CITY_Prop_TrafficLight_4_Green.prefab
  artifactKey: Guid(593a5e824ef786145bd29dc420e1ff1f) Importer(815301076,1909f56bfc062723c751e8b465ee728b)
Start importing Assets/Tarbo-CITY-TrafficLights/Prefabs/Props/Road/TB_CITY_Prop_TrafficLight_4_Green.prefab using Guid(593a5e824ef786145bd29dc420e1ff1f) Importer(815301076,1909f56bfc062723c751e8b465ee728b)  -> (artifact id: 'e380c7b7fa433db3a68d73e145c16631') in 0.012230 seconds
Number of updated asset objects reloaded before import = 0
Number of asset objects unloaded after import = 10
========================================================================
Received Import Request.
  Time since last request: 0.016920 seconds.
  path: Assets/Tarbo-CITY-TrafficLights/Prefabs/Props/Road/TB_CITY_Prop_TrafficLight_4_White.prefab
  artifactKey: Guid(2d6add7df6bf8e44bb2fe494a7653cd8) Importer(815301076,1909f56bfc062723c751e8b465ee728b)
Start importing Assets/Tarbo-CITY-TrafficLights/Prefabs/Props/Road/TB_CITY_Prop_TrafficLight_4_White.prefab using Guid(2d6add7df6bf8e44bb2fe494a7653cd8) Importer(815301076,1909f56bfc062723c751e8b465ee728b)  -> (artifact id: '853eb57ba2373914540f9eb1bc7b758b') in 0.016769 seconds
Number of updated asset objects reloaded before import = 0
Number of asset objects unloaded after import = 10
========================================================================
Received Import Request.
  Time since last request: 0.000021 seconds.
  path: Assets/Tarbo-CITY-TrafficLights/Prefabs/Props/Road/TB_CITY_Prop_TrafficLight_B_Green.prefab
  artifactKey: Guid(c227da9241072dd4fb78210df9553677) Importer(815301076,1909f56bfc062723c751e8b465ee728b)
Start importing Assets/Tarbo-CITY-TrafficLights/Prefabs/Props/Road/TB_CITY_Prop_TrafficLight_B_Green.prefab using Guid(c227da9241072dd4fb78210df9553677) Importer(815301076,1909f56bfc062723c751e8b465ee728b)  -> (artifact id: '2782a27f57af74f0bafa61d23ca1228b') in 0.012726 seconds
Number of updated asset objects reloaded before import = 0
Number of asset objects unloaded after import = 10
========================================================================
Received Import Request.
  Time since last request: 0.000030 seconds.
  path: Assets/Tarbo-CITY-TrafficLights/Prefabs/Props/Road/TB_CITY_Prop_TrafficLight_Base_T_B.prefab
  artifactKey: Guid(55376877acb72ac49affb123544bdb20) Importer(815301076,1909f56bfc062723c751e8b465ee728b)
Start importing Assets/Tarbo-CITY-TrafficLights/Prefabs/Props/Road/TB_CITY_Prop_TrafficLight_Base_T_B.prefab using Guid(55376877acb72ac49affb123544bdb20) Importer(815301076,1909f56bfc062723c751e8b465ee728b)  -> (artifact id: '567a4019c2d9e3b8c226a8190f7e245a') in 0.013473 seconds
Number of updated asset objects reloaded before import = 0
Number of asset objects unloaded after import = 10
========================================================================
Received Import Request.
  Time since last request: 0.000019 seconds.
  path: Assets/Tarbo-CITY-TrafficLights/Prefabs/Props/Road/TB_CITY_Prop_TrafficLight_C_Black.prefab
  artifactKey: Guid(9f7d9f7144dc2a640949188aaf615f8d) Importer(815301076,1909f56bfc062723c751e8b465ee728b)
Start importing Assets/Tarbo-CITY-TrafficLights/Prefabs/Props/Road/TB_CITY_Prop_TrafficLight_C_Black.prefab using Guid(9f7d9f7144dc2a640949188aaf615f8d) Importer(815301076,1909f56bfc062723c751e8b465ee728b)  -> (artifact id: '293dee3cf850c09b6174bf71250ebd29') in 0.013635 seconds
Number of updated asset objects reloaded before import = 0
Number of asset objects unloaded after import = 10
========================================================================
Received Import Request.
  Time since last request: 0.000031 seconds.
  path: Assets/Tarbo-CITY-TrafficLights/Prefabs/Props/Road/TB_CITY_Prop_TrafficLight_A_Yellow.prefab
  artifactKey: Guid(57fb76bdd2c93e54d93dbe1ed0847ce8) Importer(815301076,1909f56bfc062723c751e8b465ee728b)
Start importing Assets/Tarbo-CITY-TrafficLights/Prefabs/Props/Road/TB_CITY_Prop_TrafficLight_A_Yellow.prefab using Guid(57fb76bdd2c93e54d93dbe1ed0847ce8) Importer(815301076,1909f56bfc062723c751e8b465ee728b)  -> (artifact id: 'b734823147c40b213a82ac483e6d66f7') in 0.012252 seconds
Number of updated asset objects reloaded before import = 0
Number of asset objects unloaded after import = 10
========================================================================
Received Import Request.
  Time since last request: 0.000021 seconds.
  path: Assets/Tarbo-CITY-TrafficLights/Prefabs/Props/Road/TB_CITY_Prop_TrafficLight_C_White.prefab
  artifactKey: Guid(0341bdd42105e2e4a8534e6d5e15f6c2) Importer(815301076,1909f56bfc062723c751e8b465ee728b)
Start importing Assets/Tarbo-CITY-TrafficLights/Prefabs/Props/Road/TB_CITY_Prop_TrafficLight_C_White.prefab using Guid(0341bdd42105e2e4a8534e6d5e15f6c2) Importer(815301076,1909f56bfc062723c751e8b465ee728b)  -> (artifact id: '07c0b0836b2555eaf0e6a932d8b79733') in 0.015084 seconds
Number of updated asset objects reloaded before import = 0
Number of asset objects unloaded after import = 10
========================================================================
Received Import Request.
  Time since last request: 0.000017 seconds.
  path: Assets/Tarbo-CITY-TrafficLights/Prefabs/Props/Road/TB_CITY_Prop_TrafficLight_C_Yellow.prefab
  artifactKey: Guid(ce24a87ab63913d45abd62c7c97f2b0f) Importer(815301076,1909f56bfc062723c751e8b465ee728b)
Start importing Assets/Tarbo-CITY-TrafficLights/Prefabs/Props/Road/TB_CITY_Prop_TrafficLight_C_Yellow.prefab using Guid(ce24a87ab63913d45abd62c7c97f2b0f) Importer(815301076,1909f56bfc062723c751e8b465ee728b)  -> (artifact id: '1257d8d6f7c924c741c71cf356c5a41b') in 0.013154 seconds
Number of updated asset objects reloaded before import = 0
Number of asset objects unloaded after import = 10
========================================================================
Received Import Request.
  Time since last request: 0.000025 seconds.
  path: Assets/Tarbo-CITY-TrafficLights/Prefabs/Props/Road/TB_CITY_Prop_TrafficLight_A_White.prefab
  artifactKey: Guid(1784f1ee57872f34fba1ed9e509053e0) Importer(815301076,1909f56bfc062723c751e8b465ee728b)
Start importing Assets/Tarbo-CITY-TrafficLights/Prefabs/Props/Road/TB_CITY_Prop_TrafficLight_A_White.prefab using Guid(1784f1ee57872f34fba1ed9e509053e0) Importer(815301076,1909f56bfc062723c751e8b465ee728b)  -> (artifact id: 'cd32dc609e6267fb65ea3d38fd13b64f') in 0.010996 seconds
Number of updated asset objects reloaded before import = 0
Number of asset objects unloaded after import = 10
========================================================================
Received Import Request.
  Time since last request: 0.000026 seconds.
  path: Assets/Tarbo-CITY-TrafficLights/Prefabs/Props/Road/TB_CITY_Prop_TrafficLight_HSet_White.prefab
  artifactKey: Guid(1262e16160fc5f8488102c16691970f5) Importer(815301076,1909f56bfc062723c751e8b465ee728b)
Start importing Assets/Tarbo-CITY-TrafficLights/Prefabs/Props/Road/TB_CITY_Prop_TrafficLight_HSet_White.prefab using Guid(1262e16160fc5f8488102c16691970f5) Importer(815301076,1909f56bfc062723c751e8b465ee728b)  -> (artifact id: '33d830d7934e15a9a104710cdb5da2d5') in 0.012128 seconds
Number of updated asset objects reloaded before import = 0
Number of asset objects unloaded after import = 10
========================================================================
Received Import Request.
  Time since last request: 0.000030 seconds.
  path: Assets/Tarbo-CITY-TrafficLights/Prefabs/Props/Road/TB_CITY_Prop_TrafficLight_4Set_White.prefab
  artifactKey: Guid(fe4b5c3076c71e442af97fe15b069b7e) Importer(815301076,1909f56bfc062723c751e8b465ee728b)
Start importing Assets/Tarbo-CITY-TrafficLights/Prefabs/Props/Road/TB_CITY_Prop_TrafficLight_4Set_White.prefab using Guid(fe4b5c3076c71e442af97fe15b069b7e) Importer(815301076,1909f56bfc062723c751e8b465ee728b)  -> (artifact id: '6d6243a9908e784c2bc4f387d1c17f20') in 0.010828 seconds
Number of updated asset objects reloaded before import = 0
Number of asset objects unloaded after import = 10
========================================================================
Received Import Request.
  Time since last request: 0.000025 seconds.
  path: Assets/Tarbo-CITY-TrafficLights/Prefabs/Props/Road/TB_CITY_Prop_TrafficLight_4Set_Green.prefab
  artifactKey: Guid(43811916c3a68664fb20a7a6928f7442) Importer(815301076,1909f56bfc062723c751e8b465ee728b)
Start importing Assets/Tarbo-CITY-TrafficLights/Prefabs/Props/Road/TB_CITY_Prop_TrafficLight_4Set_Green.prefab using Guid(43811916c3a68664fb20a7a6928f7442) Importer(815301076,1909f56bfc062723c751e8b465ee728b)  -> (artifact id: '947dc1d2c60cacd862037bb4d99892a4') in 0.011148 seconds
Number of updated asset objects reloaded before import = 0
Number of asset objects unloaded after import = 10
========================================================================
Received Import Request.
  Time since last request: 0.000021 seconds.
  path: Assets/Tarbo-CITY-TrafficLights/Prefabs/Props/Road/TB_CITY_Prop_TrafficLight_Base_I_A.prefab
  artifactKey: Guid(d01359581b30d274798a2908a7b0b1ac) Importer(815301076,1909f56bfc062723c751e8b465ee728b)
Start importing Assets/Tarbo-CITY-TrafficLights/Prefabs/Props/Road/TB_CITY_Prop_TrafficLight_Base_I_A.prefab using Guid(d01359581b30d274798a2908a7b0b1ac) Importer(815301076,1909f56bfc062723c751e8b465ee728b)  -> (artifact id: 'ae8192e25f73a245f9a9ed61ef11993f') in 0.011288 seconds
Number of updated asset objects reloaded before import = 0
Number of asset objects unloaded after import = 10
========================================================================
Received Import Request.
  Time since last request: 0.000015 seconds.
  path: Assets/Tarbo-CITY-TrafficLights/Prefabs/Props/Road/TB_CITY_Prop_TrafficLight_Base_T_A.prefab
  artifactKey: Guid(8e2f290b45ca5f5448c07439efb86dcf) Importer(815301076,1909f56bfc062723c751e8b465ee728b)
Start importing Assets/Tarbo-CITY-TrafficLights/Prefabs/Props/Road/TB_CITY_Prop_TrafficLight_Base_T_A.prefab using Guid(8e2f290b45ca5f5448c07439efb86dcf) Importer(815301076,1909f56bfc062723c751e8b465ee728b)  -> (artifact id: '004daf284f55c8b2ede7bb06fe8c9e4f') in 0.011439 seconds
Number of updated asset objects reloaded before import = 0
Number of asset objects unloaded after import = 10
========================================================================
Received Import Request.
  Time since last request: 1.876837 seconds.
  path: Assets/Tarbo-CITY-TrafficLights/Prefabs/Props/Road/TB_CITY_Prop_TrafficLight_VSet_Green.prefab
  artifactKey: Guid(c9aa0a2fd3b0e4448914e57ffb78cb61) Importer(815301076,1909f56bfc062723c751e8b465ee728b)
Start importing Assets/Tarbo-CITY-TrafficLights/Prefabs/Props/Road/TB_CITY_Prop_TrafficLight_VSet_Green.prefab using Guid(c9aa0a2fd3b0e4448914e57ffb78cb61) Importer(815301076,1909f56bfc062723c751e8b465ee728b)  -> (artifact id: '2bcfe11107c10712685aa3ef7a7b0d22') in 0.011585 seconds
Number of updated asset objects reloaded before import = 0
Number of asset objects unloaded after import = 10
========================================================================
Received Import Request.
  Time since last request: 0.000026 seconds.
  path: Assets/Tarbo-CITY-TrafficLights/Prefabs/Props/Road/TB_CITY_Prop_TrafficLight_VSet_White.prefab
  artifactKey: Guid(3bf2a3dc060bfea4cbad4dec395d2ffc) Importer(815301076,1909f56bfc062723c751e8b465ee728b)
Start importing Assets/Tarbo-CITY-TrafficLights/Prefabs/Props/Road/TB_CITY_Prop_TrafficLight_VSet_White.prefab using Guid(3bf2a3dc060bfea4cbad4dec395d2ffc) Importer(815301076,1909f56bfc062723c751e8b465ee728b)  -> (artifact id: '63b5df9158e542dcd0bb5e313500b2b5') in 0.010615 seconds
Number of updated asset objects reloaded before import = 0
Number of asset objects unloaded after import = 10
Editor requested this worker to shutdown with reason: Scaling down because of idle timeout
TcpMessagingSession - receive error: operation aborted. errorcode: 995, details: Der E/A-Vorgang wurde wegen eines Threadendes oder einer Anwendungsanforderung abgebrochen.
AssetImportWorker is now disconnected from the server
Process exiting
Exiting without the bug reporter. Application will terminate with return code 0